2021-01-05 16:23:52,103 INFO c.s.a.AlertsApplication [main] Starting AlertsApplication using Java 12.0.2 on PC-ANTOINE with PID 12844 (C:\Users\krawo\git\SafetyNetAlerts\target\classes started by Antoine in C:\Users\krawo\git\SafetyNetAlerts)
2021-01-05 16:23:52,117 INFO c.s.a.AlertsApplication [main] No active profile set, falling back to default profiles: default
2021-01-05 16:23:53,725 INFO o.a.c.h.Http11NioProtocol [main] Initializing ProtocolHandler ["http-nio-8080"]
2021-01-05 16:23:53,726 INFO o.a.c.c.StandardService [main] Starting service [Tomcat]
2021-01-05 16:23:53,727 INFO o.a.c.c.StandardEngine [main] Starting Servlet engine: [Apache Tomcat/9.0.41]
2021-01-05 16:23:53,874 INFO o.a.c.c.C.[.[.[/] [main] Initializing Spring embedded WebApplicationContext
2021-01-05 16:23:54,333 INFO o.s.s.c.ThreadPoolTaskExecutor [main] Initializing ExecutorService 'applicationTaskExecutor'
2021-01-05 16:23:54,696 INFO o.a.c.h.Http11NioProtocol [main] Starting ProtocolHandler ["http-nio-8080"]
2021-01-05 16:23:54,750 INFO c.s.a.AlertsApplication [main] Started AlertsApplication in 3.115 seconds (JVM running for 4.446)
2021-01-05 16:23:54,759 INFO AlertsApplication [main] Initializing SafetyNet Alert
2021-01-05 16:23:54,759 INFO LaunchingService [main] LaunchApplication()
2021-01-05 16:23:54,761 INFO JsonFileReader [main] JsonFileReader(src/main/resources/data.json, com.safetynet.alerts.repository.PersonRepository@50bc3219, com.safetynet.alerts.repository.FireStationRepository@599f1b7, com.safetynet.alerts.repository.MedicalRecordRepository@22791b75, )
2021-01-05 16:23:54,761 INFO JsonFileReader [main] readFile()
2021-01-05 16:23:54,793 INFO PersonRepository [main] addPerson(com.safetynet.alerts.model.Person@47fcefb3)
2021-01-05 16:23:54,793 INFO PersonRepository [main] addPerson(com.safetynet.alerts.model.Person@236c098)
2021-01-05 16:23:54,793 INFO PersonRepository [main] addPerson(com.safetynet.alerts.model.Person@68e2d03e)
2021-01-05 16:23:54,793 INFO PersonRepository [main] addPerson(com.safetynet.alerts.model.Person@120aa40b)
2021-01-05 16:23:54,793 INFO PersonRepository [main] addPerson(com.safetynet.alerts.model.Person@32ab408e)
2021-01-05 16:23:54,794 INFO PersonRepository [main] addPerson(com.safetynet.alerts.model.Person@6ad6443)
2021-01-05 16:23:54,794 INFO PersonRepository [main] addPerson(com.safetynet.alerts.model.Person@78b03788)
2021-01-05 16:23:54,794 INFO PersonRepository [main] addPerson(com.safetynet.alerts.model.Person@3f5dfe69)
2021-01-05 16:23:54,794 INFO PersonRepository [main] addPerson(com.safetynet.alerts.model.Person@571a663c)
2021-01-05 16:23:54,794 INFO PersonRepository [main] addPerson(com.safetynet.alerts.model.Person@3a788fe0)
2021-01-05 16:23:54,794 INFO PersonRepository [main] addPerson(com.safetynet.alerts.model.Person@430df350)
2021-01-05 16:23:54,794 INFO PersonRepository [main] addPerson(com.safetynet.alerts.model.Person@1373e3ee)
2021-01-05 16:23:54,795 INFO PersonRepository [main] addPerson(com.safetynet.alerts.model.Person@175c5c3a)
2021-01-05 16:23:54,795 INFO PersonRepository [main] addPerson(com.safetynet.alerts.model.Person@69a5c6be)
2021-01-05 16:23:54,795 INFO PersonRepository [main] addPerson(com.safetynet.alerts.model.Person@451e2fa9)
2021-01-05 16:23:54,795 INFO PersonRepository [main] addPerson(com.safetynet.alerts.model.Person@497ed877)
2021-01-05 16:23:54,795 INFO PersonRepository [main] addPerson(com.safetynet.alerts.model.Person@3cb6e0ee)
2021-01-05 16:23:54,795 INFO PersonRepository [main] addPerson(com.safetynet.alerts.model.Person@7b6141f0)
2021-01-05 16:23:54,796 INFO PersonRepository [main] addPerson(com.safetynet.alerts.model.Person@4fb64a52)
2021-01-05 16:23:54,796 INFO PersonRepository [main] addPerson(com.safetynet.alerts.model.Person@70b48eb3)
2021-01-05 16:23:54,796 INFO PersonRepository [main] addPerson(com.safetynet.alerts.model.Person@7b8ea1db)
2021-01-05 16:23:54,796 INFO PersonRepository [main] addPerson(com.safetynet.alerts.model.Person@a91119b)
2021-01-05 16:23:54,796 INFO PersonRepository [main] addPerson(com.safetynet.alerts.model.Person@231df705)
2021-01-05 16:23:54,797 INFO FireStationRepository [main] addFireStation(com.safetynet.alerts.model.FireStation@194012a2)
2021-01-05 16:23:54,797 INFO FireStationRepository [main] addFireStation(com.safetynet.alerts.model.FireStation@55296b50)
2021-01-05 16:23:54,797 INFO FireStationRepository [main] addFireStation(com.safetynet.alerts.model.FireStation@60591e1b)
2021-01-05 16:23:54,797 INFO FireStationRepository [main] addFireStation(com.safetynet.alerts.model.FireStation@29c53c4f)
2021-01-05 16:23:54,797 INFO FireStationRepository [main] addFireStation(com.safetynet.alerts.model.FireStation@3009eed7)
2021-01-05 16:23:54,797 INFO FireStationRepository [main] addFireStation(com.safetynet.alerts.model.FireStation@2ee4706d)
2021-01-05 16:23:54,797 INFO FireStationRepository [main] addFireStation(com.safetynet.alerts.model.FireStation@6650a6c)
2021-01-05 16:23:54,798 INFO FireStationRepository [main] addFireStation(com.safetynet.alerts.model.FireStation@64279ab)
2021-01-05 16:23:54,798 INFO FireStationRepository [main] addFireStation(com.safetynet.alerts.model.FireStation@794240e2)
2021-01-05 16:23:54,798 INFO FireStationRepository [main] addFireStation(com.safetynet.alerts.model.FireStation@74a820bf)
2021-01-05 16:23:54,798 INFO FireStationRepository [main] addFireStation(com.safetynet.alerts.model.FireStation@5a30722c)
2021-01-05 16:23:54,798 INFO FireStationRepository [main] addFireStation(com.safetynet.alerts.model.FireStation@4f2ac7e0)
2021-01-05 16:23:54,798 INFO FireStationRepository [main] addFireStation(com.safetynet.alerts.model.FireStation@2484dbb7)
2021-01-05 16:23:54,812 INFO JsonFileReader [main] extractMedications({"allergies":["nillacilan"],"firstName":"John","lastName":"Boyd","birthdate":"03/06/1984","medications":["aznol:350mg", "hydrapermazol:100mg"]})
2021-01-05 16:23:54,813 INFO JsonFileReader [main] extractAllergies({"allergies":["nillacilan"],"firstName":"John","lastName":"Boyd","birthdate":"03/06/1984","medications":["aznol:350mg", "hydrapermazol:100mg"]})
2021-01-05 16:23:54,813 INFO MedicalRecordRepository [main] addMedicalRecord(com.safetynet.alerts.model.MedicalRecord@1c84d80a)
2021-01-05 16:23:54,814 INFO JsonFileReader [main] extractMedications({"allergies":[],"firstName":"Jacob","lastName":"Boyd","birthdate":"03/06/1989","medications":["pharmacol:5000mg", "terazine:10mg", "noznazol:250mg"]})
2021-01-05 16:23:54,814 INFO JsonFileReader [main] extractAllergies({"allergies":[],"firstName":"Jacob","lastName":"Boyd","birthdate":"03/06/1989","medications":["pharmacol:5000mg", "terazine:10mg", "noznazol:250mg"]})
2021-01-05 16:23:54,814 INFO MedicalRecordRepository [main] addMedicalRecord(com.safetynet.alerts.model.MedicalRecord@7ceb6c45)
2021-01-05 16:23:54,814 INFO JsonFileReader [main] extractMedications({"allergies":["peanut"],"firstName":"Tenley","lastName":"Boyd","birthdate":"02/18/2012","medications":[]})
2021-01-05 16:23:54,814 INFO JsonFileReader [main] extractAllergies({"allergies":["peanut"],"firstName":"Tenley","lastName":"Boyd","birthdate":"02/18/2012","medications":[]})
2021-01-05 16:23:54,814 INFO MedicalRecordRepository [main] addMedicalRecord(com.safetynet.alerts.model.MedicalRecord@629075f4)
2021-01-05 16:23:54,815 INFO JsonFileReader [main] extractMedications({"allergies":[],"firstName":"Roger","lastName":"Boyd","birthdate":"09/06/2017","medications":[]})
2021-01-05 16:23:54,815 INFO JsonFileReader [main] extractAllergies({"allergies":[],"firstName":"Roger","lastName":"Boyd","birthdate":"09/06/2017","medications":[]})
2021-01-05 16:23:54,815 INFO MedicalRecordRepository [main] addMedicalRecord(com.safetynet.alerts.model.MedicalRecord@48499739)
2021-01-05 16:23:54,815 INFO JsonFileReader [main] extractMedications({"allergies":["xilliathal"],"firstName":"Felicia","lastName":"Boyd","birthdate":"01/08/1986","medications":["tetracyclaz:650mg"]})
2021-01-05 16:23:54,816 INFO JsonFileReader [main] extractAllergies({"allergies":["xilliathal"],"firstName":"Felicia","lastName":"Boyd","birthdate":"01/08/1986","medications":["tetracyclaz:650mg"]})
2021-01-05 16:23:54,816 INFO MedicalRecordRepository [main] addMedicalRecord(com.safetynet.alerts.model.MedicalRecord@723742b2)
2021-01-05 16:23:54,816 INFO JsonFileReader [main] extractMedications({"allergies":[],"firstName":"Jonanathan","lastName":"Marrack","birthdate":"01/03/1989","medications":[]})
2021-01-05 16:23:54,816 INFO JsonFileReader [main] extractAllergies({"allergies":[],"firstName":"Jonanathan","lastName":"Marrack","birthdate":"01/03/1989","medications":[]})
2021-01-05 16:23:54,816 INFO MedicalRecordRepository [main] addMedicalRecord(com.safetynet.alerts.model.MedicalRecord@559991f5)
2021-01-05 16:23:54,817 INFO JsonFileReader [main] extractMedications({"allergies":[],"firstName":"Tessa","lastName":"Carman","birthdate":"02/18/2012","medications":[]})
2021-01-05 16:23:54,817 INFO JsonFileReader [main] extractAllergies({"allergies":[],"firstName":"Tessa","lastName":"Carman","birthdate":"02/18/2012","medications":[]})
2021-01-05 16:23:54,817 INFO MedicalRecordRepository [main] addMedicalRecord(com.safetynet.alerts.model.MedicalRecord@34c76167)
2021-01-05 16:23:54,818 INFO JsonFileReader [main] extractMedications({"allergies":["shellfish"],"firstName":"Peter","lastName":"Duncan","birthdate":"09/06/2000","medications":[]})
2021-01-05 16:23:54,818 INFO JsonFileReader [main] extractAllergies({"allergies":["shellfish"],"firstName":"Peter","lastName":"Duncan","birthdate":"09/06/2000","medications":[]})
2021-01-05 16:23:54,818 INFO MedicalRecordRepository [main] addMedicalRecord(com.safetynet.alerts.model.MedicalRecord@30b3d899)
2021-01-05 16:23:54,818 INFO JsonFileReader [main] extractMedications({"allergies":[],"firstName":"Foster","lastName":"Shepard","birthdate":"01/08/1980","medications":[]})
2021-01-05 16:23:54,818 INFO JsonFileReader [main] extractAllergies({"allergies":[],"firstName":"Foster","lastName":"Shepard","birthdate":"01/08/1980","medications":[]})
2021-01-05 16:23:54,818 INFO MedicalRecordRepository [main] addMedicalRecord(com.safetynet.alerts.model.MedicalRecord@78d92eef)
2021-01-05 16:23:54,819 INFO JsonFileReader [main] extractMedications({"allergies":["shellfish"],"firstName":"Tony","lastName":"Cooper","birthdate":"03/06/1994","medications":["hydrapermazol:300mg", "dodoxadin:30mg"]})
2021-01-05 16:23:54,819 INFO JsonFileReader [main] extractAllergies({"allergies":["shellfish"],"firstName":"Tony","lastName":"Cooper","birthdate":"03/06/1994","medications":["hydrapermazol:300mg", "dodoxadin:30mg"]})
2021-01-05 16:23:54,819 INFO MedicalRecordRepository [main] addMedicalRecord(com.safetynet.alerts.model.MedicalRecord@61d60e38)
2021-01-05 16:23:54,819 INFO JsonFileReader [main] extractMedications({"allergies":[],"firstName":"Lily","lastName":"Cooper","birthdate":"03/06/1994","medications":[]})
2021-01-05 16:23:54,819 INFO JsonFileReader [main] extractAllergies({"allergies":[],"firstName":"Lily","lastName":"Cooper","birthdate":"03/06/1994","medications":[]})
2021-01-05 16:23:54,819 INFO MedicalRecordRepository [main] addMedicalRecord(com.safetynet.alerts.model.MedicalRecord@6e95973c)
2021-01-05 16:23:54,820 INFO JsonFileReader [main] extractMedications({"allergies":["peanut", "shellfish", "aznol"],"firstName":"Sophia","lastName":"Zemicks","birthdate":"03/06/1988","medications":["aznol:60mg", "hydrapermazol:900mg", "pharmacol:5000mg", "terazine:500mg"]})
2021-01-05 16:23:54,820 INFO JsonFileReader [main] extractAllergies({"allergies":["peanut", "shellfish", "aznol"],"firstName":"Sophia","lastName":"Zemicks","birthdate":"03/06/1988","medications":["aznol:60mg", "hydrapermazol:900mg", "pharmacol:5000mg", "terazine:500mg"]})
2021-01-05 16:23:54,820 INFO MedicalRecordRepository [main] addMedicalRecord(com.safetynet.alerts.model.MedicalRecord@404ced67)
2021-01-05 16:23:54,820 INFO JsonFileReader [main] extractMedications({"allergies":[],"firstName":"Warren","lastName":"Zemicks","birthdate":"03/06/1985","medications":[]})
2021-01-05 16:23:54,820 INFO JsonFileReader [main] extractAllergies({"allergies":[],"firstName":"Warren","lastName":"Zemicks","birthdate":"03/06/1985","medications":[]})
2021-01-05 16:23:54,820 INFO MedicalRecordRepository [main] addMedicalRecord(com.safetynet.alerts.model.MedicalRecord@71531dd7)
2021-01-05 16:23:54,820 INFO JsonFileReader [main] extractMedications({"allergies":[],"firstName":"Zach","lastName":"Zemicks","birthdate":"03/06/2017","medications":[]})
2021-01-05 16:23:54,820 INFO JsonFileReader [main] extractAllergies({"allergies":[],"firstName":"Zach","lastName":"Zemicks","birthdate":"03/06/2017","medications":[]})
2021-01-05 16:23:54,820 INFO MedicalRecordRepository [main] addMedicalRecord(com.safetynet.alerts.model.MedicalRecord@20256a0b)
2021-01-05 16:23:54,821 INFO JsonFileReader [main] extractMedications({"allergies":["illisoxian"],"firstName":"Reginold","lastName":"Walker","birthdate":"08/30/1979","medications":["thradox:700mg"]})
2021-01-05 16:23:54,821 INFO JsonFileReader [main] extractAllergies({"allergies":["illisoxian"],"firstName":"Reginold","lastName":"Walker","birthdate":"08/30/1979","medications":["thradox:700mg"]})
2021-01-05 16:23:54,821 INFO MedicalRecordRepository [main] addMedicalRecord(com.safetynet.alerts.model.MedicalRecord@624b3544)
2021-01-05 16:23:54,821 INFO JsonFileReader [main] extractMedications({"allergies":[],"firstName":"Jamie","lastName":"Peters","birthdate":"03/06/1982","medications":[]})
2021-01-05 16:23:54,822 INFO JsonFileReader [main] extractAllergies({"allergies":[],"firstName":"Jamie","lastName":"Peters","birthdate":"03/06/1982","medications":[]})
2021-01-05 16:23:54,822 INFO MedicalRecordRepository [main] addMedicalRecord(com.safetynet.alerts.model.MedicalRecord@454bcbbf)
2021-01-05 16:23:54,822 INFO JsonFileReader [main] extractMedications({"allergies":[],"firstName":"Ron","lastName":"Peters","birthdate":"04/06/1965","medications":[]})
2021-01-05 16:23:54,822 INFO JsonFileReader [main] extractAllergies({"allergies":[],"firstName":"Ron","lastName":"Peters","birthdate":"04/06/1965","medications":[]})
2021-01-05 16:23:54,822 INFO MedicalRecordRepository [main] addMedicalRecord(com.safetynet.alerts.model.MedicalRecord@2c9fdb64)
2021-01-05 16:23:54,822 INFO JsonFileReader [main] extractMedications({"allergies":["nillacilan"],"firstName":"Allison","lastName":"Boyd","birthdate":"03/15/1965","medications":["aznol:200mg"]})
2021-01-05 16:23:54,822 INFO JsonFileReader [main] extractAllergies({"allergies":["nillacilan"],"firstName":"Allison","lastName":"Boyd","birthdate":"03/15/1965","medications":["aznol:200mg"]})
2021-01-05 16:23:54,823 INFO MedicalRecordRepository [main] addMedicalRecord(com.safetynet.alerts.model.MedicalRecord@27e199ce)
2021-01-05 16:23:54,823 INFO JsonFileReader [main] extractMedications({"allergies":["nillacilan"],"firstName":"Brian","lastName":"Stelzer","birthdate":"12/06/1975","medications":["ibupurin:200mg", "hydrapermazol:400mg"]})
2021-01-05 16:23:54,823 INFO JsonFileReader [main] extractAllergies({"allergies":["nillacilan"],"firstName":"Brian","lastName":"Stelzer","birthdate":"12/06/1975","medications":["ibupurin:200mg", "hydrapermazol:400mg"]})
2021-01-05 16:23:54,823 INFO MedicalRecordRepository [main] addMedicalRecord(com.safetynet.alerts.model.MedicalRecord@1c3b6963)
2021-01-05 16:23:54,823 INFO JsonFileReader [main] extractMedications({"allergies":[],"firstName":"Shawna","lastName":"Stelzer","birthdate":"07/08/1980","medications":[]})
2021-01-05 16:23:54,823 INFO JsonFileReader [main] extractAllergies({"allergies":[],"firstName":"Shawna","lastName":"Stelzer","birthdate":"07/08/1980","medications":[]})
2021-01-05 16:23:54,823 INFO MedicalRecordRepository [main] addMedicalRecord(com.safetynet.alerts.model.MedicalRecord@7364f68)
2021-01-05 16:23:54,824 INFO JsonFileReader [main] extractMedications({"allergies":[],"firstName":"Kendrik","lastName":"Stelzer","birthdate":"03/06/2014","medications":["noxidian:100mg", "pharmacol:2500mg"]})
2021-01-05 16:23:54,824 INFO JsonFileReader [main] extractAllergies({"allergies":[],"firstName":"Kendrik","lastName":"Stelzer","birthdate":"03/06/2014","medications":["noxidian:100mg", "pharmacol:2500mg"]})
2021-01-05 16:23:54,824 INFO MedicalRecordRepository [main] addMedicalRecord(com.safetynet.alerts.model.MedicalRecord@55a0f011)
2021-01-05 16:23:54,824 INFO JsonFileReader [main] extractMedications({"allergies":[],"firstName":"Clive","lastName":"Ferguson","birthdate":"03/06/1994","medications":[]})
2021-01-05 16:23:54,824 INFO JsonFileReader [main] extractAllergies({"allergies":[],"firstName":"Clive","lastName":"Ferguson","birthdate":"03/06/1994","medications":[]})
2021-01-05 16:23:54,825 INFO MedicalRecordRepository [main] addMedicalRecord(com.safetynet.alerts.model.MedicalRecord@7ea42c82)
2021-01-05 16:23:54,825 INFO JsonFileReader [main] extractMedications({"allergies":[],"firstName":"Eric","lastName":"Cadigan","birthdate":"08/06/1945","medications":["tradoxidine:400mg"]})
2021-01-05 16:23:54,825 INFO JsonFileReader [main] extractAllergies({"allergies":[],"firstName":"Eric","lastName":"Cadigan","birthdate":"08/06/1945","medications":["tradoxidine:400mg"]})
2021-01-05 16:23:54,825 INFO MedicalRecordRepository [main] addMedicalRecord(com.safetynet.alerts.model.MedicalRecord@39133244)
2021-01-05 16:24:05,258 INFO c.s.a.AlertsApplication [main] Starting AlertsApplication using Java 12.0.2 on PC-ANTOINE with PID 3436 (C:\Users\krawo\git\SafetyNetAlerts\target\classes started by Antoine in C:\Users\krawo\git\SafetyNetAlerts)
2021-01-05 16:24:05,269 INFO c.s.a.AlertsApplication [main] No active profile set, falling back to default profiles: default
2021-01-05 16:24:07,171 INFO o.a.c.h.Http11NioProtocol [main] Initializing ProtocolHandler ["http-nio-8080"]
2021-01-05 16:24:07,172 INFO o.a.c.c.StandardService [main] Starting service [Tomcat]
2021-01-05 16:24:07,172 INFO o.a.c.c.StandardEngine [main] Starting Servlet engine: [Apache Tomcat/9.0.41]
2021-01-05 16:24:07,311 INFO o.a.c.c.C.[.[.[/] [main] Initializing Spring embedded WebApplicationContext
2021-01-05 16:24:07,756 INFO o.s.s.c.ThreadPoolTaskExecutor [main] Initializing ExecutorService 'applicationTaskExecutor'
2021-01-05 16:24:08,464 INFO o.a.c.h.Http11NioProtocol [main] Starting ProtocolHandler ["http-nio-8080"]
2021-01-05 16:24:08,560 INFO c.s.a.AlertsApplication [main] Started AlertsApplication in 3.73 seconds (JVM running for 4.989)
2021-01-05 16:24:08,584 INFO AlertsApplication [main] Initializing SafetyNet Alert
2021-01-05 16:24:08,585 INFO LaunchingService [main] LaunchApplication()
2021-01-05 16:24:08,588 INFO JsonFileReader [main] JsonFileReader(src/main/resources/data.json, com.safetynet.alerts.repository.PersonRepository@251c90f, com.safetynet.alerts.repository.FireStationRepository@6629643d, com.safetynet.alerts.repository.MedicalRecordRepository@2dd178f3, )
2021-01-05 16:24:08,589 INFO JsonFileReader [main] readFile()
2021-01-05 16:24:08,641 INFO PersonRepository [main] addPerson(com.safetynet.alerts.model.Person@696fad31)
2021-01-05 16:24:08,642 INFO PersonRepository [main] addPerson(com.safetynet.alerts.model.Person@2c06b113)
2021-01-05 16:24:08,642 INFO PersonRepository [main] addPerson(com.safetynet.alerts.model.Person@7a64cb0c)
2021-01-05 16:24:08,643 INFO PersonRepository [main] addPerson(com.safetynet.alerts.model.Person@785ed99c)
2021-01-05 16:24:08,643 INFO PersonRepository [main] addPerson(com.safetynet.alerts.model.Person@6c4ce583)
2021-01-05 16:24:08,643 INFO PersonRepository [main] addPerson(com.safetynet.alerts.model.Person@755b5f30)
2021-01-05 16:24:08,643 INFO PersonRepository [main] addPerson(com.safetynet.alerts.model.Person@29bbc63c)
2021-01-05 16:24:08,643 INFO PersonRepository [main] addPerson(com.safetynet.alerts.model.Person@272778ae)
2021-01-05 16:24:08,643 INFO PersonRepository [main] addPerson(com.safetynet.alerts.model.Person@2cccf134)
2021-01-05 16:24:08,644 INFO PersonRepository [main] addPerson(com.safetynet.alerts.model.Person@3c18942)
2021-01-05 16:24:08,644 INFO PersonRepository [main] addPerson(com.safetynet.alerts.model.Person@743c3520)
2021-01-05 16:24:08,644 INFO PersonRepository [main] addPerson(com.safetynet.alerts.model.Person@6842c101)
2021-01-05 16:24:08,644 INFO PersonRepository [main] addPerson(com.safetynet.alerts.model.Person@234cd86c)
2021-01-05 16:24:08,644 INFO PersonRepository [main] addPerson(com.safetynet.alerts.model.Person@2c48cede)
2021-01-05 16:24:08,644 INFO PersonRepository [main] addPerson(com.safetynet.alerts.model.Person@39c87b42)
2021-01-05 16:24:08,644 INFO PersonRepository [main] addPerson(com.safetynet.alerts.model.Person@47fcefb3)
2021-01-05 16:24:08,645 INFO PersonRepository [main] addPerson(com.safetynet.alerts.model.Person@236c098)
2021-01-05 16:24:08,645 INFO PersonRepository [main] addPerson(com.safetynet.alerts.model.Person@68e2d03e)
2021-01-05 16:24:08,645 INFO PersonRepository [main] addPerson(com.safetynet.alerts.model.Person@120aa40b)
2021-01-05 16:24:08,645 INFO PersonRepository [main] addPerson(com.safetynet.alerts.model.Person@32ab408e)
2021-01-05 16:24:08,646 INFO PersonRepository [main] addPerson(com.safetynet.alerts.model.Person@6ad6443)
2021-01-05 16:24:08,646 INFO PersonRepository [main] addPerson(com.safetynet.alerts.model.Person@78b03788)
2021-01-05 16:24:08,646 INFO PersonRepository [main] addPerson(com.safetynet.alerts.model.Person@571a663c)
2021-01-05 16:24:08,646 INFO FireStationRepository [main] addFireStation(com.safetynet.alerts.model.FireStation@1373e3ee)
2021-01-05 16:24:08,647 INFO FireStationRepository [main] addFireStation(com.safetynet.alerts.model.FireStation@175c5c3a)
2021-01-05 16:24:08,647 INFO FireStationRepository [main] addFireStation(com.safetynet.alerts.model.FireStation@69a5c6be)
2021-01-05 16:24:08,647 INFO FireStationRepository [main] addFireStation(com.safetynet.alerts.model.FireStation@451e2fa9)
2021-01-05 16:24:08,647 INFO FireStationRepository [main] addFireStation(com.safetynet.alerts.model.FireStation@497ed877)
2021-01-05 16:24:08,647 INFO FireStationRepository [main] addFireStation(com.safetynet.alerts.model.FireStation@3cb6e0ee)
2021-01-05 16:24:08,647 INFO FireStationRepository [main] addFireStation(com.safetynet.alerts.model.FireStation@7b6141f0)
2021-01-05 16:24:08,647 INFO FireStationRepository [main] addFireStation(com.safetynet.alerts.model.FireStation@4fb64a52)
2021-01-05 16:24:08,647 INFO FireStationRepository [main] addFireStation(com.safetynet.alerts.model.FireStation@70b48eb3)
2021-01-05 16:24:08,647 INFO FireStationRepository [main] addFireStation(com.safetynet.alerts.model.FireStation@7b8ea1db)
2021-01-05 16:24:08,648 INFO FireStationRepository [main] addFireStation(com.safetynet.alerts.model.FireStation@a91119b)
2021-01-05 16:24:08,648 INFO FireStationRepository [main] addFireStation(com.safetynet.alerts.model.FireStation@77083e41)
2021-01-05 16:24:08,648 INFO FireStationRepository [main] addFireStation(com.safetynet.alerts.model.FireStation@231df705)
2021-01-05 16:24:08,691 INFO JsonFileReader [main] extractMedications({"allergies":["nillacilan"],"firstName":"John","lastName":"Boyd","birthdate":"03/06/1984","medications":["aznol:350mg", "hydrapermazol:100mg"]})
2021-01-05 16:24:08,694 INFO JsonFileReader [main] extractAllergies({"allergies":["nillacilan"],"firstName":"John","lastName":"Boyd","birthdate":"03/06/1984","medications":["aznol:350mg", "hydrapermazol:100mg"]})
2021-01-05 16:24:08,695 INFO MedicalRecordRepository [main] addMedicalRecord(com.safetynet.alerts.model.MedicalRecord@6aea99e7)
2021-01-05 16:24:08,696 INFO JsonFileReader [main] extractMedications({"allergies":[],"firstName":"Jacob","lastName":"Boyd","birthdate":"03/06/1989","medications":["pharmacol:5000mg", "terazine:10mg", "noznazol:250mg"]})
2021-01-05 16:24:08,696 INFO JsonFileReader [main] extractAllergies({"allergies":[],"firstName":"Jacob","lastName":"Boyd","birthdate":"03/06/1989","medications":["pharmacol:5000mg", "terazine:10mg", "noznazol:250mg"]})
2021-01-05 16:24:08,696 INFO MedicalRecordRepository [main] addMedicalRecord(com.safetynet.alerts.model.MedicalRecord@1c6a0103)
2021-01-05 16:24:08,697 INFO JsonFileReader [main] extractMedications({"allergies":["peanut"],"firstName":"Tenley","lastName":"Boyd","birthdate":"02/18/2012","medications":[]})
2021-01-05 16:24:08,697 INFO JsonFileReader [main] extractAllergies({"allergies":["peanut"],"firstName":"Tenley","lastName":"Boyd","birthdate":"02/18/2012","medications":[]})
2021-01-05 16:24:08,697 INFO MedicalRecordRepository [main] addMedicalRecord(com.safetynet.alerts.model.MedicalRecord@7841bd30)
2021-01-05 16:24:08,698 INFO JsonFileReader [main] extractMedications({"allergies":[],"firstName":"Roger","lastName":"Boyd","birthdate":"09/06/2017","medications":[]})
2021-01-05 16:24:08,698 INFO JsonFileReader [main] extractAllergies({"allergies":[],"firstName":"Roger","lastName":"Boyd","birthdate":"09/06/2017","medications":[]})
2021-01-05 16:24:08,698 INFO MedicalRecordRepository [main] addMedicalRecord(com.safetynet.alerts.model.MedicalRecord@45c80312)
2021-01-05 16:24:08,698 INFO JsonFileReader [main] extractMedications({"allergies":["xilliathal"],"firstName":"Felicia","lastName":"Boyd","birthdate":"01/08/1986","medications":["tetracyclaz:650mg"]})
2021-01-05 16:24:08,699 INFO JsonFileReader [main] extractAllergies({"allergies":["xilliathal"],"firstName":"Felicia","lastName":"Boyd","birthdate":"01/08/1986","medications":["tetracyclaz:650mg"]})
2021-01-05 16:24:08,699 INFO MedicalRecordRepository [main] addMedicalRecord(com.safetynet.alerts.model.MedicalRecord@7bd38fed)
2021-01-05 16:24:08,699 INFO JsonFileReader [main] extractMedications({"allergies":[],"firstName":"Jonanathan","lastName":"Marrack","birthdate":"01/03/1989","medications":[]})
2021-01-05 16:24:08,700 INFO JsonFileReader [main] extractAllergies({"allergies":[],"firstName":"Jonanathan","lastName":"Marrack","birthdate":"01/03/1989","medications":[]})
2021-01-05 16:24:08,700 INFO MedicalRecordRepository [main] addMedicalRecord(com.safetynet.alerts.model.MedicalRecord@377dfb8d)
2021-01-05 16:24:08,700 INFO JsonFileReader [main] extractMedications({"allergies":[],"firstName":"Tessa","lastName":"Carman","birthdate":"02/18/2012","medications":[]})
2021-01-05 16:24:08,700 INFO JsonFileReader [main] extractAllergies({"allergies":[],"firstName":"Tessa","lastName":"Carman","birthdate":"02/18/2012","medications":[]})
2021-01-05 16:24:08,700 INFO MedicalRecordRepository [main] addMedicalRecord(com.safetynet.alerts.model.MedicalRecord@42a0786f)
2021-01-05 16:24:08,701 INFO JsonFileReader [main] extractMedications({"allergies":["shellfish"],"firstName":"Peter","lastName":"Duncan","birthdate":"09/06/2000","medications":[]})
2021-01-05 16:24:08,701 INFO JsonFileReader [main] extractAllergies({"allergies":["shellfish"],"firstName":"Peter","lastName":"Duncan","birthdate":"09/06/2000","medications":[]})
2021-01-05 16:24:08,701 INFO MedicalRecordRepository [main] addMedicalRecord(com.safetynet.alerts.model.MedicalRecord@477523ba)
2021-01-05 16:24:08,701 INFO JsonFileReader [main] extractMedications({"allergies":[],"firstName":"Foster","lastName":"Shepard","birthdate":"01/08/1980","medications":[]})
2021-01-05 16:24:08,701 INFO JsonFileReader [main] extractAllergies({"allergies":[],"firstName":"Foster","lastName":"Shepard","birthdate":"01/08/1980","medications":[]})
2021-01-05 16:24:08,701 INFO MedicalRecordRepository [main] addMedicalRecord(com.safetynet.alerts.model.MedicalRecord@203e705e)
2021-01-05 16:24:08,701 INFO JsonFileReader [main] extractMedications({"allergies":["shellfish"],"firstName":"Tony","lastName":"Cooper","birthdate":"03/06/1994","medications":["hydrapermazol:300mg", "dodoxadin:30mg"]})
2021-01-05 16:24:08,702 INFO JsonFileReader [main] extractAllergies({"allergies":["shellfish"],"firstName":"Tony","lastName":"Cooper","birthdate":"03/06/1994","medications":["hydrapermazol:300mg", "dodoxadin:30mg"]})
2021-01-05 16:24:08,702 INFO MedicalRecordRepository [main] addMedicalRecord(com.safetynet.alerts.model.MedicalRecord@78c74647)
2021-01-05 16:24:08,702 INFO JsonFileReader [main] extractMedications({"allergies":[],"firstName":"Lily","lastName":"Cooper","birthdate":"03/06/1994","medications":[]})
2021-01-05 16:24:08,702 INFO JsonFileReader [main] extractAllergies({"allergies":[],"firstName":"Lily","lastName":"Cooper","birthdate":"03/06/1994","medications":[]})
2021-01-05 16:24:08,702 INFO MedicalRecordRepository [main] addMedicalRecord(com.safetynet.alerts.model.MedicalRecord@39652a30)
2021-01-05 16:24:08,703 INFO JsonFileReader [main] extractMedications({"allergies":["peanut", "shellfish", "aznol"],"firstName":"Sophia","lastName":"Zemicks","birthdate":"03/06/1988","medications":["aznol:60mg", "hydrapermazol:900mg", "pharmacol:5000mg", "terazine:500mg"]})
2021-01-05 16:24:08,703 INFO JsonFileReader [main] extractAllergies({"allergies":["peanut", "shellfish", "aznol"],"firstName":"Sophia","lastName":"Zemicks","birthdate":"03/06/1988","medications":["aznol:60mg", "hydrapermazol:900mg", "pharmacol:5000mg", "terazine:500mg"]})
2021-01-05 16:24:08,703 INFO MedicalRecordRepository [main] addMedicalRecord(com.safetynet.alerts.model.MedicalRecord@5763a655)
2021-01-05 16:24:08,703 INFO JsonFileReader [main] extractMedications({"allergies":[],"firstName":"Warren","lastName":"Zemicks","birthdate":"03/06/1985","medications":[]})
2021-01-05 16:24:08,703 INFO JsonFileReader [main] extractAllergies({"allergies":[],"firstName":"Warren","lastName":"Zemicks","birthdate":"03/06/1985","medications":[]})
2021-01-05 16:24:08,703 INFO MedicalRecordRepository [main] addMedicalRecord(com.safetynet.alerts.model.MedicalRecord@40c8067)
2021-01-05 16:24:08,704 INFO JsonFileReader [main] extractMedications({"allergies":[],"firstName":"Zach","lastName":"Zemicks","birthdate":"03/06/2017","medications":[]})
2021-01-05 16:24:08,704 INFO JsonFileReader [main] extractAllergies({"allergies":[],"firstName":"Zach","lastName":"Zemicks","birthdate":"03/06/2017","medications":[]})
2021-01-05 16:24:08,704 INFO MedicalRecordRepository [main] addMedicalRecord(com.safetynet.alerts.model.MedicalRecord@46bb0bdf)
2021-01-05 16:24:08,704 INFO JsonFileReader [main] extractMedications({"allergies":["illisoxian"],"firstName":"Reginold","lastName":"Walker","birthdate":"08/30/1979","medications":["thradox:700mg"]})
2021-01-05 16:24:08,704 INFO JsonFileReader [main] extractAllergies({"allergies":["illisoxian"],"firstName":"Reginold","lastName":"Walker","birthdate":"08/30/1979","medications":["thradox:700mg"]})
2021-01-05 16:24:08,704 INFO MedicalRecordRepository [main] addMedicalRecord(com.safetynet.alerts.model.MedicalRecord@561f9d92)
2021-01-05 16:24:08,705 INFO JsonFileReader [main] extractMedications({"allergies":[],"firstName":"Jamie","lastName":"Peters","birthdate":"03/06/1982","medications":[]})
2021-01-05 16:24:08,706 INFO JsonFileReader [main] extractAllergies({"allergies":[],"firstName":"Jamie","lastName":"Peters","birthdate":"03/06/1982","medications":[]})
2021-01-05 16:24:08,706 INFO MedicalRecordRepository [main] addMedicalRecord(com.safetynet.alerts.model.MedicalRecord@1c84d80a)
2021-01-05 16:24:08,707 INFO JsonFileReader [main] extractMedications({"allergies":[],"firstName":"Ron","lastName":"Peters","birthdate":"04/06/1965","medications":[]})
2021-01-05 16:24:08,707 INFO JsonFileReader [main] extractAllergies({"allergies":[],"firstName":"Ron","lastName":"Peters","birthdate":"04/06/1965","medications":[]})
2021-01-05 16:24:08,707 INFO MedicalRecordRepository [main] addMedicalRecord(com.safetynet.alerts.model.MedicalRecord@7ceb6c45)
2021-01-05 16:24:08,708 INFO JsonFileReader [main] extractMedications({"allergies":["nillacilan"],"firstName":"Allison","lastName":"Boyd","birthdate":"03/15/1965","medications":["aznol:200mg"]})
2021-01-05 16:24:08,708 INFO JsonFileReader [main] extractAllergies({"allergies":["nillacilan"],"firstName":"Allison","lastName":"Boyd","birthdate":"03/15/1965","medications":["aznol:200mg"]})
2021-01-05 16:24:08,708 INFO MedicalRecordRepository [main] addMedicalRecord(com.safetynet.alerts.model.MedicalRecord@629075f4)
2021-01-05 16:24:08,708 INFO JsonFileReader [main] extractMedications({"allergies":["nillacilan"],"firstName":"Brian","lastName":"Stelzer","birthdate":"12/06/1975","medications":["ibupurin:200mg", "hydrapermazol:400mg"]})
2021-01-05 16:24:08,708 INFO JsonFileReader [main] extractAllergies({"allergies":["nillacilan"],"firstName":"Brian","lastName":"Stelzer","birthdate":"12/06/1975","medications":["ibupurin:200mg", "hydrapermazol:400mg"]})
2021-01-05 16:24:08,709 INFO MedicalRecordRepository [main] addMedicalRecord(com.safetynet.alerts.model.MedicalRecord@48499739)
2021-01-05 16:24:08,709 INFO JsonFileReader [main] extractMedications({"allergies":[],"firstName":"Shawna","lastName":"Stelzer","birthdate":"07/08/1980","medications":[]})
2021-01-05 16:24:08,709 INFO JsonFileReader [main] extractAllergies({"allergies":[],"firstName":"Shawna","lastName":"Stelzer","birthdate":"07/08/1980","medications":[]})
2021-01-05 16:24:08,711 INFO MedicalRecordRepository [main] addMedicalRecord(com.safetynet.alerts.model.MedicalRecord@723742b2)
2021-01-05 16:24:08,713 INFO JsonFileReader [main] extractMedications({"allergies":[],"firstName":"Kendrik","lastName":"Stelzer","birthdate":"03/06/2014","medications":["noxidian:100mg", "pharmacol:2500mg"]})
2021-01-05 16:24:08,716 INFO JsonFileReader [main] extractAllergies({"allergies":[],"firstName":"Kendrik","lastName":"Stelzer","birthdate":"03/06/2014","medications":["noxidian:100mg", "pharmacol:2500mg"]})
2021-01-05 16:24:08,716 INFO MedicalRecordRepository [main] addMedicalRecord(com.safetynet.alerts.model.MedicalRecord@559991f5)
2021-01-05 16:24:08,716 INFO JsonFileReader [main] extractMedications({"allergies":[],"firstName":"Clive","lastName":"Ferguson","birthdate":"03/06/1994","medications":[]})
2021-01-05 16:24:08,716 INFO JsonFileReader [main] extractAllergies({"allergies":[],"firstName":"Clive","lastName":"Ferguson","birthdate":"03/06/1994","medications":[]})
2021-01-05 16:24:08,716 INFO MedicalRecordRepository [main] addMedicalRecord(com.safetynet.alerts.model.MedicalRecord@34c76167)
2021-01-05 16:24:08,716 INFO JsonFileReader [main] extractMedications({"allergies":[],"firstName":"Eric","lastName":"Cadigan","birthdate":"08/06/1945","medications":["tradoxidine:400mg"]})
2021-01-05 16:24:08,717 INFO JsonFileReader [main] extractAllergies({"allergies":[],"firstName":"Eric","lastName":"Cadigan","birthdate":"08/06/1945","medications":["tradoxidine:400mg"]})
2021-01-05 16:24:08,717 INFO MedicalRecordRepository [main] addMedicalRecord(com.safetynet.alerts.model.MedicalRecord@30b3d899)
2021-01-05 16:26:41,854 INFO c.s.a.AlertsApplication [main] Starting AlertsApplication using Java 12.0.2 on PC-ANTOINE with PID 3320 (C:\Users\krawo\git\SafetyNetAlerts\target\classes started by Antoine in C:\Users\krawo\git\SafetyNetAlerts)
2021-01-05 16:26:41,866 INFO c.s.a.AlertsApplication [main] No active profile set, falling back to default profiles: default
2021-01-05 16:26:43,517 INFO o.a.c.h.Http11NioProtocol [main] Initializing ProtocolHandler ["http-nio-8080"]
2021-01-05 16:26:43,518 INFO o.a.c.c.StandardService [main] Starting service [Tomcat]
2021-01-05 16:26:43,518 INFO o.a.c.c.StandardEngine [main] Starting Servlet engine: [Apache Tomcat/9.0.41]
2021-01-05 16:26:43,680 INFO o.a.c.c.C.[.[.[/] [main] Initializing Spring embedded WebApplicationContext
2021-01-05 16:26:44,192 INFO o.s.s.c.ThreadPoolTaskExecutor [main] Initializing ExecutorService 'applicationTaskExecutor'
2021-01-05 16:26:44,487 INFO o.a.c.h.Http11NioProtocol [main] Starting ProtocolHandler ["http-nio-8080"]
2021-01-05 16:26:44,533 INFO c.s.a.AlertsApplication [main] Started AlertsApplication in 3.069 seconds (JVM running for 4.29)
2021-01-05 16:26:44,541 INFO AlertsApplication [main] Initializing SafetyNet Alert
2021-01-05 16:26:44,541 INFO LaunchingService [main] LaunchApplication()
2021-01-05 16:26:44,543 INFO JsonFileReader [main] JsonFileReader(src/main/resources/data.json, com.safetynet.alerts.repository.PersonRepository@2c9306d3, com.safetynet.alerts.repository.FireStationRepository@4270b142, com.safetynet.alerts.repository.MedicalRecordRepository@2dfa02c1, )
2021-01-05 16:26:44,543 INFO JsonFileReader [main] readFile()
2021-01-05 16:26:44,566 INFO PersonRepository [main] addPerson(com.safetynet.alerts.model.Person@272778ae)
2021-01-05 16:26:44,567 INFO PersonRepository [main] addPerson(com.safetynet.alerts.model.Person@2cccf134)
2021-01-05 16:26:44,567 INFO PersonRepository [main] addPerson(com.safetynet.alerts.model.Person@3c18942)
2021-01-05 16:26:44,567 INFO PersonRepository [main] addPerson(com.safetynet.alerts.model.Person@743c3520)
2021-01-05 16:26:44,567 INFO PersonRepository [main] addPerson(com.safetynet.alerts.model.Person@6842c101)
2021-01-05 16:26:44,567 INFO PersonRepository [main] addPerson(com.safetynet.alerts.model.Person@234cd86c)
2021-01-05 16:26:44,567 INFO PersonRepository [main] addPerson(com.safetynet.alerts.model.Person@2c48cede)
2021-01-05 16:26:44,567 INFO PersonRepository [main] addPerson(com.safetynet.alerts.model.Person@39c87b42)
2021-01-05 16:26:44,568 INFO PersonRepository [main] addPerson(com.safetynet.alerts.model.Person@47fcefb3)
2021-01-05 16:26:44,568 INFO PersonRepository [main] addPerson(com.safetynet.alerts.model.Person@236c098)
2021-01-05 16:26:44,568 INFO PersonRepository [main] addPerson(com.safetynet.alerts.model.Person@68e2d03e)
2021-01-05 16:26:44,568 INFO PersonRepository [main] addPerson(com.safetynet.alerts.model.Person@120aa40b)
2021-01-05 16:26:44,568 INFO PersonRepository [main] addPerson(com.safetynet.alerts.model.Person@32ab408e)
2021-01-05 16:26:44,568 INFO PersonRepository [main] addPerson(com.safetynet.alerts.model.Person@6ad6443)
2021-01-05 16:26:44,568 INFO PersonRepository [main] addPerson(com.safetynet.alerts.model.Person@78b03788)
2021-01-05 16:26:44,569 INFO PersonRepository [main] addPerson(com.safetynet.alerts.model.Person@3f5dfe69)
2021-01-05 16:26:44,569 INFO PersonRepository [main] addPerson(com.safetynet.alerts.model.Person@571a663c)
2021-01-05 16:26:44,569 INFO PersonRepository [main] addPerson(com.safetynet.alerts.model.Person@3a788fe0)
2021-01-05 16:26:44,569 INFO PersonRepository [main] addPerson(com.safetynet.alerts.model.Person@430df350)
2021-01-05 16:26:44,569 INFO PersonRepository [main] addPerson(com.safetynet.alerts.model.Person@1373e3ee)
2021-01-05 16:26:44,570 INFO PersonRepository [main] addPerson(com.safetynet.alerts.model.Person@175c5c3a)
2021-01-05 16:26:44,570 INFO PersonRepository [main] addPerson(com.safetynet.alerts.model.Person@69a5c6be)
2021-01-05 16:26:44,570 INFO PersonRepository [main] addPerson(com.safetynet.alerts.model.Person@497ed877)
2021-01-05 16:26:44,571 INFO FireStationRepository [main] addFireStation(com.safetynet.alerts.model.FireStation@4fb64a52)
2021-01-05 16:26:44,571 INFO FireStationRepository [main] addFireStation(com.safetynet.alerts.model.FireStation@70b48eb3)
2021-01-05 16:26:44,571 INFO FireStationRepository [main] addFireStation(com.safetynet.alerts.model.FireStation@7b8ea1db)
2021-01-05 16:26:44,571 INFO FireStationRepository [main] addFireStation(com.safetynet.alerts.model.FireStation@a91119b)
2021-01-05 16:26:44,571 INFO FireStationRepository [main] addFireStation(com.safetynet.alerts.model.FireStation@77083e41)
2021-01-05 16:26:44,571 INFO FireStationRepository [main] addFireStation(com.safetynet.alerts.model.FireStation@231df705)
2021-01-05 16:26:44,572 INFO FireStationRepository [main] addFireStation(com.safetynet.alerts.model.FireStation@2d130ac4)
2021-01-05 16:26:44,572 INFO FireStationRepository [main] addFireStation(com.safetynet.alerts.model.FireStation@2f0ccb34)
2021-01-05 16:26:44,572 INFO FireStationRepository [main] addFireStation(com.safetynet.alerts.model.FireStation@194012a2)
2021-01-05 16:26:44,572 INFO FireStationRepository [main] addFireStation(com.safetynet.alerts.model.FireStation@55296b50)
2021-01-05 16:26:44,572 INFO FireStationRepository [main] addFireStation(com.safetynet.alerts.model.FireStation@60591e1b)
2021-01-05 16:26:44,572 INFO FireStationRepository [main] addFireStation(com.safetynet.alerts.model.FireStation@29c53c4f)
2021-01-05 16:26:44,572 INFO FireStationRepository [main] addFireStation(com.safetynet.alerts.model.FireStation@3009eed7)
2021-01-05 16:26:44,584 INFO JsonFileReader [main] extractMedications({"allergies":["nillacilan"],"firstName":"John","lastName":"Boyd","birthdate":"03/06/1984","medications":["aznol:350mg", "hydrapermazol:100mg"]})
2021-01-05 16:26:44,585 INFO JsonFileReader [main] extractAllergies({"allergies":["nillacilan"],"firstName":"John","lastName":"Boyd","birthdate":"03/06/1984","medications":["aznol:350mg", "hydrapermazol:100mg"]})
2021-01-05 16:26:44,586 INFO MedicalRecordRepository [main] addMedicalRecord(com.safetynet.alerts.model.MedicalRecord@477523ba)
2021-01-05 16:26:44,586 INFO JsonFileReader [main] extractMedications({"allergies":[],"firstName":"Jacob","lastName":"Boyd","birthdate":"03/06/1989","medications":["pharmacol:5000mg", "terazine:10mg", "noznazol:250mg"]})
2021-01-05 16:26:44,586 INFO JsonFileReader [main] extractAllergies({"allergies":[],"firstName":"Jacob","lastName":"Boyd","birthdate":"03/06/1989","medications":["pharmacol:5000mg", "terazine:10mg", "noznazol:250mg"]})
2021-01-05 16:26:44,586 INFO MedicalRecordRepository [main] addMedicalRecord(com.safetynet.alerts.model.MedicalRecord@203e705e)
2021-01-05 16:26:44,587 INFO JsonFileReader [main] extractMedications({"allergies":["peanut"],"firstName":"Tenley","lastName":"Boyd","birthdate":"02/18/2012","medications":[]})
2021-01-05 16:26:44,587 INFO JsonFileReader [main] extractAllergies({"allergies":["peanut"],"firstName":"Tenley","lastName":"Boyd","birthdate":"02/18/2012","medications":[]})
2021-01-05 16:26:44,587 INFO MedicalRecordRepository [main] addMedicalRecord(com.safetynet.alerts.model.MedicalRecord@78c74647)
2021-01-05 16:26:44,587 INFO JsonFileReader [main] extractMedications({"allergies":[],"firstName":"Roger","lastName":"Boyd","birthdate":"09/06/2017","medications":[]})
2021-01-05 16:26:44,587 INFO JsonFileReader [main] extractAllergies({"allergies":[],"firstName":"Roger","lastName":"Boyd","birthdate":"09/06/2017","medications":[]})
2021-01-05 16:26:44,587 INFO MedicalRecordRepository [main] addMedicalRecord(com.safetynet.alerts.model.MedicalRecord@39652a30)
2021-01-05 16:26:44,588 INFO JsonFileReader [main] extractMedications({"allergies":["xilliathal"],"firstName":"Felicia","lastName":"Boyd","birthdate":"01/08/1986","medications":["tetracyclaz:650mg"]})
2021-01-05 16:26:44,588 INFO JsonFileReader [main] extractAllergies({"allergies":["xilliathal"],"firstName":"Felicia","lastName":"Boyd","birthdate":"01/08/1986","medications":["tetracyclaz:650mg"]})
2021-01-05 16:26:44,588 INFO MedicalRecordRepository [main] addMedicalRecord(com.safetynet.alerts.model.MedicalRecord@5763a655)
2021-01-05 16:26:44,588 INFO JsonFileReader [main] extractMedications({"allergies":[],"firstName":"Jonanathan","lastName":"Marrack","birthdate":"01/03/1989","medications":[]})
2021-01-05 16:26:44,588 INFO JsonFileReader [main] extractAllergies({"allergies":[],"firstName":"Jonanathan","lastName":"Marrack","birthdate":"01/03/1989","medications":[]})
2021-01-05 16:26:44,588 INFO MedicalRecordRepository [main] addMedicalRecord(com.safetynet.alerts.model.MedicalRecord@40c8067)
2021-01-05 16:26:44,589 INFO JsonFileReader [main] extractMedications({"allergies":[],"firstName":"Tessa","lastName":"Carman","birthdate":"02/18/2012","medications":[]})
2021-01-05 16:26:44,589 INFO JsonFileReader [main] extractAllergies({"allergies":[],"firstName":"Tessa","lastName":"Carman","birthdate":"02/18/2012","medications":[]})
2021-01-05 16:26:44,589 INFO MedicalRecordRepository [main] addMedicalRecord(com.safetynet.alerts.model.MedicalRecord@46bb0bdf)
2021-01-05 16:26:44,589 INFO JsonFileReader [main] extractMedications({"allergies":["shellfish"],"firstName":"Peter","lastName":"Duncan","birthdate":"09/06/2000","medications":[]})
2021-01-05 16:26:44,589 INFO JsonFileReader [main] extractAllergies({"allergies":["shellfish"],"firstName":"Peter","lastName":"Duncan","birthdate":"09/06/2000","medications":[]})
2021-01-05 16:26:44,589 INFO MedicalRecordRepository [main] addMedicalRecord(com.safetynet.alerts.model.MedicalRecord@561f9d92)
2021-01-05 16:26:44,590 INFO JsonFileReader [main] extractMedications({"allergies":[],"firstName":"Foster","lastName":"Shepard","birthdate":"01/08/1980","medications":[]})
2021-01-05 16:26:44,590 INFO JsonFileReader [main] extractAllergies({"allergies":[],"firstName":"Foster","lastName":"Shepard","birthdate":"01/08/1980","medications":[]})
2021-01-05 16:26:44,590 INFO MedicalRecordRepository [main] addMedicalRecord(com.safetynet.alerts.model.MedicalRecord@1c84d80a)
2021-01-05 16:26:44,590 INFO JsonFileReader [main] extractMedications({"allergies":["shellfish"],"firstName":"Tony","lastName":"Cooper","birthdate":"03/06/1994","medications":["hydrapermazol:300mg", "dodoxadin:30mg"]})
2021-01-05 16:26:44,590 INFO JsonFileReader [main] extractAllergies({"allergies":["shellfish"],"firstName":"Tony","lastName":"Cooper","birthdate":"03/06/1994","medications":["hydrapermazol:300mg", "dodoxadin:30mg"]})
2021-01-05 16:26:44,590 INFO MedicalRecordRepository [main] addMedicalRecord(com.safetynet.alerts.model.MedicalRecord@7ceb6c45)
2021-01-05 16:26:44,591 INFO JsonFileReader [main] extractMedications({"allergies":[],"firstName":"Lily","lastName":"Cooper","birthdate":"03/06/1994","medications":[]})
2021-01-05 16:26:44,591 INFO JsonFileReader [main] extractAllergies({"allergies":[],"firstName":"Lily","lastName":"Cooper","birthdate":"03/06/1994","medications":[]})
2021-01-05 16:26:44,591 INFO MedicalRecordRepository [main] addMedicalRecord(com.safetynet.alerts.model.MedicalRecord@629075f4)
2021-01-05 16:26:44,591 INFO JsonFileReader [main] extractMedications({"allergies":["peanut", "shellfish", "aznol"],"firstName":"Sophia","lastName":"Zemicks","birthdate":"03/06/1988","medications":["aznol:60mg", "hydrapermazol:900mg", "pharmacol:5000mg", "terazine:500mg"]})
2021-01-05 16:26:44,591 INFO JsonFileReader [main] extractAllergies({"allergies":["peanut", "shellfish", "aznol"],"firstName":"Sophia","lastName":"Zemicks","birthdate":"03/06/1988","medications":["aznol:60mg", "hydrapermazol:900mg", "pharmacol:5000mg", "terazine:500mg"]})
2021-01-05 16:26:44,591 INFO MedicalRecordRepository [main] addMedicalRecord(com.safetynet.alerts.model.MedicalRecord@48499739)
2021-01-05 16:26:44,591 INFO JsonFileReader [main] extractMedications({"allergies":[],"firstName":"Warren","lastName":"Zemicks","birthdate":"03/06/1985","medications":[]})
2021-01-05 16:26:44,592 INFO JsonFileReader [main] extractAllergies({"allergies":[],"firstName":"Warren","lastName":"Zemicks","birthdate":"03/06/1985","medications":[]})
2021-01-05 16:26:44,592 INFO MedicalRecordRepository [main] addMedicalRecord(com.safetynet.alerts.model.MedicalRecord@723742b2)
2021-01-05 16:26:44,592 INFO JsonFileReader [main] extractMedications({"allergies":[],"firstName":"Zach","lastName":"Zemicks","birthdate":"03/06/2017","medications":[]})
2021-01-05 16:26:44,592 INFO JsonFileReader [main] extractAllergies({"allergies":[],"firstName":"Zach","lastName":"Zemicks","birthdate":"03/06/2017","medications":[]})
2021-01-05 16:26:44,592 INFO MedicalRecordRepository [main] addMedicalRecord(com.safetynet.alerts.model.MedicalRecord@559991f5)
2021-01-05 16:26:44,592 INFO JsonFileReader [main] extractMedications({"allergies":["illisoxian"],"firstName":"Reginold","lastName":"Walker","birthdate":"08/30/1979","medications":["thradox:700mg"]})
2021-01-05 16:26:44,593 INFO JsonFileReader [main] extractAllergies({"allergies":["illisoxian"],"firstName":"Reginold","lastName":"Walker","birthdate":"08/30/1979","medications":["thradox:700mg"]})
2021-01-05 16:26:44,593 INFO MedicalRecordRepository [main] addMedicalRecord(com.safetynet.alerts.model.MedicalRecord@34c76167)
2021-01-05 16:26:44,593 INFO JsonFileReader [main] extractMedications({"allergies":[],"firstName":"Jamie","lastName":"Peters","birthdate":"03/06/1982","medications":[]})
2021-01-05 16:26:44,593 INFO JsonFileReader [main] extractAllergies({"allergies":[],"firstName":"Jamie","lastName":"Peters","birthdate":"03/06/1982","medications":[]})
2021-01-05 16:26:44,593 INFO MedicalRecordRepository [main] addMedicalRecord(com.safetynet.alerts.model.MedicalRecord@30b3d899)
2021-01-05 16:26:44,593 INFO JsonFileReader [main] extractMedications({"allergies":[],"firstName":"Ron","lastName":"Peters","birthdate":"04/06/1965","medications":[]})
2021-01-05 16:26:44,594 INFO JsonFileReader [main] extractAllergies({"allergies":[],"firstName":"Ron","lastName":"Peters","birthdate":"04/06/1965","medications":[]})
2021-01-05 16:26:44,594 INFO MedicalRecordRepository [main] addMedicalRecord(com.safetynet.alerts.model.MedicalRecord@78d92eef)
2021-01-05 16:26:44,594 INFO JsonFileReader [main] extractMedications({"allergies":["nillacilan"],"firstName":"Allison","lastName":"Boyd","birthdate":"03/15/1965","medications":["aznol:200mg"]})
2021-01-05 16:26:44,594 INFO JsonFileReader [main] extractAllergies({"allergies":["nillacilan"],"firstName":"Allison","lastName":"Boyd","birthdate":"03/15/1965","medications":["aznol:200mg"]})
2021-01-05 16:26:44,594 INFO MedicalRecordRepository [main] addMedicalRecord(com.safetynet.alerts.model.MedicalRecord@61d60e38)
2021-01-05 16:26:44,594 INFO JsonFileReader [main] extractMedications({"allergies":["nillacilan"],"firstName":"Brian","lastName":"Stelzer","birthdate":"12/06/1975","medications":["ibupurin:200mg", "hydrapermazol:400mg"]})
2021-01-05 16:26:44,595 INFO JsonFileReader [main] extractAllergies({"allergies":["nillacilan"],"firstName":"Brian","lastName":"Stelzer","birthdate":"12/06/1975","medications":["ibupurin:200mg", "hydrapermazol:400mg"]})
2021-01-05 16:26:44,595 INFO MedicalRecordRepository [main] addMedicalRecord(com.safetynet.alerts.model.MedicalRecord@6e95973c)
2021-01-05 16:26:44,595 INFO JsonFileReader [main] extractMedications({"allergies":[],"firstName":"Shawna","lastName":"Stelzer","birthdate":"07/08/1980","medications":[]})
2021-01-05 16:26:44,595 INFO JsonFileReader [main] extractAllergies({"allergies":[],"firstName":"Shawna","lastName":"Stelzer","birthdate":"07/08/1980","medications":[]})
2021-01-05 16:26:44,595 INFO MedicalRecordRepository [main] addMedicalRecord(com.safetynet.alerts.model.MedicalRecord@404ced67)
2021-01-05 16:26:44,595 INFO JsonFileReader [main] extractMedications({"allergies":[],"firstName":"Kendrik","lastName":"Stelzer","birthdate":"03/06/2014","medications":["noxidian:100mg", "pharmacol:2500mg"]})
2021-01-05 16:26:44,595 INFO JsonFileReader [main] extractAllergies({"allergies":[],"firstName":"Kendrik","lastName":"Stelzer","birthdate":"03/06/2014","medications":["noxidian:100mg", "pharmacol:2500mg"]})
2021-01-05 16:26:44,595 INFO MedicalRecordRepository [main] addMedicalRecord(com.safetynet.alerts.model.MedicalRecord@71531dd7)
2021-01-05 16:26:44,595 INFO JsonFileReader [main] extractMedications({"allergies":[],"firstName":"Clive","lastName":"Ferguson","birthdate":"03/06/1994","medications":[]})
2021-01-05 16:26:44,596 INFO JsonFileReader [main] extractAllergies({"allergies":[],"firstName":"Clive","lastName":"Ferguson","birthdate":"03/06/1994","medications":[]})
2021-01-05 16:26:44,596 INFO MedicalRecordRepository [main] addMedicalRecord(com.safetynet.alerts.model.MedicalRecord@20256a0b)
2021-01-05 16:26:44,596 INFO JsonFileReader [main] extractMedications({"allergies":[],"firstName":"Eric","lastName":"Cadigan","birthdate":"08/06/1945","medications":["tradoxidine:400mg"]})
2021-01-05 16:26:44,596 INFO JsonFileReader [main] extractAllergies({"allergies":[],"firstName":"Eric","lastName":"Cadigan","birthdate":"08/06/1945","medications":["tradoxidine:400mg"]})
2021-01-05 16:26:44,596 INFO MedicalRecordRepository [main] addMedicalRecord(com.safetynet.alerts.model.MedicalRecord@624b3544)
