2021-01-16 11:00:08,375 INFO o.s.b.StartupInfoLogger [main] Starting AlertsApplication using Java 12.0.2 on PC-ANTOINE with PID 744 (C:\Users\krawo\git\SafetyNetAlerts\target\classes started by Antoine in C:\Users\krawo\git\SafetyNetAlerts)
2021-01-16 11:00:08,411 INFO o.s.b.SpringApplication [main] No active profile set, falling back to default profiles: default
2021-01-16 11:00:09,851 INFO o.s.b.w.e.t.TomcatWebServer [main] Tomcat initialized with port(s): 8080 (http)
2021-01-16 11:00:09,872 INFO o.a.j.l.DirectJDKLog [main] Initializing ProtocolHandler ["http-nio-8080"]
2021-01-16 11:00:09,873 INFO o.a.j.l.DirectJDKLog [main] Starting service [Tomcat]
2021-01-16 11:00:09,874 INFO o.a.j.l.DirectJDKLog [main] Starting Servlet engine: [Apache Tomcat/9.0.41]
2021-01-16 11:00:10,019 INFO o.a.j.l.DirectJDKLog [main] Initializing Spring embedded WebApplicationContext
2021-01-16 11:00:10,020 INFO o.s.b.w.s.c.ServletWebServerApplicationContext [main] Root WebApplicationContext: initialization completed in 1524 ms
2021-01-16 11:00:10,235 INFO c.s.a.c.MedicalRecordController [main] MedicalRecordController(com.safetynet.alerts.repository.PersonRepository@28e0e464, com.safetynet.alerts.repository.FireStationRepository@1d98daa0, com.safetynet.alerts.repository.MedicalRecordRepository@70a898b0)
2021-01-16 11:00:10,237 INFO c.s.a.s.MedicalRecordService [main] MedicalRecordService(com.safetynet.alerts.repository.PersonRepository@28e0e464, com.safetynet.alerts.repository.FireStationRepository@1d98daa0, com.safetynet.alerts.repository.MedicalRecordRepository@70a898b0)
2021-01-16 11:00:10,240 INFO c.s.a.s.FireStationService [main] FireStationService(com.safetynet.alerts.repository.PersonRepository@28e0e464, com.safetynet.alerts.repository.FireStationRepository@1d98daa0, com.safetynet.alerts.repository.MedicalRecordRepository@70a898b0)
2021-01-16 11:00:10,241 INFO c.s.a.s.MedicalRecordService [main] MedicalRecordService(com.safetynet.alerts.repository.PersonRepository@28e0e464, com.safetynet.alerts.repository.FireStationRepository@1d98daa0, com.safetynet.alerts.repository.MedicalRecordRepository@70a898b0)
2021-01-16 11:00:10,245 INFO c.s.a.s.PersonService [main] PersonService(com.safetynet.alerts.repository.PersonRepository@28e0e464, com.safetynet.alerts.repository.FireStationRepository@1d98daa0, com.safetynet.alerts.repository.MedicalRecordRepository@70a898b0)
2021-01-16 11:00:10,388 INFO o.s.s.c.ExecutorConfigurationSupport [main] Initializing ExecutorService 'applicationTaskExecutor'
2021-01-16 11:00:10,647 INFO o.s.b.a.e.w.EndpointLinksResolver [main] Exposing 4 endpoint(s) beneath base path '/actuator'
2021-01-16 11:00:10,677 INFO o.a.j.l.DirectJDKLog [main] Starting ProtocolHandler ["http-nio-8080"]
2021-01-16 11:00:10,700 INFO o.s.b.w.e.t.TomcatWebServer [main] Tomcat started on port(s): 8080 (http) with context path ''
2021-01-16 11:00:10,718 INFO o.s.b.StartupInfoLogger [main] Started AlertsApplication in 2.719 seconds (JVM running for 3.567)
2021-01-16 11:00:10,727 INFO c.s.a.AlertsApplication [main] Initializing SafetyNet Alert
2021-01-16 11:00:10,727 INFO c.s.a.s.LaunchingService [main] LaunchApplication()
2021-01-16 11:00:10,728 INFO c.s.a.s.JsonFileReader [main] PersonService(com.safetynet.alerts.repository.PersonRepository@77524ca7, com.safetynet.alerts.repository.FireStationRepository@11df2829, com.safetynet.alerts.repository.MedicalRecordRepository@18e4674d)
2021-01-16 11:00:10,729 INFO c.s.a.c.PersonController [main] PersonController(com.safetynet.alerts.repository.PersonRepository@77524ca7, com.safetynet.alerts.repository.FireStationRepository@11df2829, com.safetynet.alerts.repository.MedicalRecordRepository@18e4674d)
2021-01-16 11:00:10,730 INFO c.s.a.s.PersonService [main] PersonService(com.safetynet.alerts.repository.PersonRepository@77524ca7, com.safetynet.alerts.repository.FireStationRepository@11df2829, com.safetynet.alerts.repository.MedicalRecordRepository@18e4674d)
2021-01-16 11:00:10,730 INFO c.s.a.s.MedicalRecordService [main] MedicalRecordService(com.safetynet.alerts.repository.PersonRepository@77524ca7, com.safetynet.alerts.repository.FireStationRepository@11df2829, com.safetynet.alerts.repository.MedicalRecordRepository@18e4674d)
2021-01-16 11:00:10,730 INFO c.s.a.c.FireStationController [main] FireStationController(com.safetynet.alerts.repository.PersonRepository@77524ca7, com.safetynet.alerts.repository.FireStationRepository@11df2829, com.safetynet.alerts.repository.MedicalRecordRepository@18e4674d)
2021-01-16 11:00:10,731 INFO c.s.a.s.FireStationService [main] FireStationService(com.safetynet.alerts.repository.PersonRepository@77524ca7, com.safetynet.alerts.repository.FireStationRepository@11df2829, com.safetynet.alerts.repository.MedicalRecordRepository@18e4674d)
2021-01-16 11:00:10,731 INFO c.s.a.s.MedicalRecordService [main] MedicalRecordService(com.safetynet.alerts.repository.PersonRepository@77524ca7, com.safetynet.alerts.repository.FireStationRepository@11df2829, com.safetynet.alerts.repository.MedicalRecordRepository@18e4674d)
2021-01-16 11:00:10,731 INFO c.s.a.c.MedicalRecordController [main] MedicalRecordController(com.safetynet.alerts.repository.PersonRepository@77524ca7, com.safetynet.alerts.repository.FireStationRepository@11df2829, com.safetynet.alerts.repository.MedicalRecordRepository@18e4674d)
2021-01-16 11:00:10,732 INFO c.s.a.s.MedicalRecordService [main] MedicalRecordService(com.safetynet.alerts.repository.PersonRepository@77524ca7, com.safetynet.alerts.repository.FireStationRepository@11df2829, com.safetynet.alerts.repository.MedicalRecordRepository@18e4674d)
2021-01-16 11:00:10,732 INFO c.s.a.s.JsonFileReader [main] readFile(src/main/resources/data.json)
2021-01-16 11:00:10,776 INFO c.s.a.r.PersonRepository [main] addPerson(com.safetynet.alerts.model.Person@19fec3d6)
2021-01-16 11:00:10,777 INFO c.s.a.r.PersonRepository [main] addPerson(com.safetynet.alerts.model.Person@5287ba5f)
2021-01-16 11:00:10,778 INFO c.s.a.r.PersonRepository [main] addPerson(com.safetynet.alerts.model.Person@b768a65)
2021-01-16 11:00:10,779 INFO c.s.a.r.PersonRepository [main] addPerson(com.safetynet.alerts.model.Person@6897a4a)
2021-01-16 11:00:10,779 INFO c.s.a.r.PersonRepository [main] addPerson(com.safetynet.alerts.model.Person@6986f93e)
2021-01-16 11:00:10,779 INFO c.s.a.r.PersonRepository [main] addPerson(com.safetynet.alerts.model.Person@6bce313)
2021-01-16 11:00:10,780 INFO c.s.a.r.PersonRepository [main] addPerson(com.safetynet.alerts.model.Person@39266403)
2021-01-16 11:00:10,780 INFO c.s.a.r.PersonRepository [main] addPerson(com.safetynet.alerts.model.Person@74b00247)
2021-01-16 11:00:10,781 INFO c.s.a.r.PersonRepository [main] addPerson(com.safetynet.alerts.model.Person@2aa14ae6)
2021-01-16 11:00:10,781 INFO c.s.a.r.PersonRepository [main] addPerson(com.safetynet.alerts.model.Person@4be490da)
2021-01-16 11:00:10,781 INFO c.s.a.r.PersonRepository [main] addPerson(com.safetynet.alerts.model.Person@4168f3d9)
2021-01-16 11:00:10,782 INFO c.s.a.r.PersonRepository [main] addPerson(com.safetynet.alerts.model.Person@353e6389)
2021-01-16 11:00:10,782 INFO c.s.a.r.PersonRepository [main] addPerson(com.safetynet.alerts.model.Person@15e8f9b2)
2021-01-16 11:00:10,782 INFO c.s.a.r.PersonRepository [main] addPerson(com.safetynet.alerts.model.Person@7a65c995)
2021-01-16 11:00:10,782 INFO c.s.a.r.PersonRepository [main] addPerson(com.safetynet.alerts.model.Person@7c950b3b)
2021-01-16 11:00:10,782 INFO c.s.a.r.PersonRepository [main] addPerson(com.safetynet.alerts.model.Person@3af10d0b)
2021-01-16 11:00:10,783 INFO c.s.a.r.PersonRepository [main] addPerson(com.safetynet.alerts.model.Person@6806468e)
2021-01-16 11:00:10,783 INFO c.s.a.r.PersonRepository [main] addPerson(com.safetynet.alerts.model.Person@3c7b137a)
2021-01-16 11:00:10,783 INFO c.s.a.r.PersonRepository [main] addPerson(com.safetynet.alerts.model.Person@68631b1d)
2021-01-16 11:00:10,783 INFO c.s.a.r.PersonRepository [main] addPerson(com.safetynet.alerts.model.Person@5a48da4f)
2021-01-16 11:00:10,784 INFO c.s.a.r.PersonRepository [main] addPerson(com.safetynet.alerts.model.Person@a0c5be)
2021-01-16 11:00:10,784 INFO c.s.a.r.PersonRepository [main] addPerson(com.safetynet.alerts.model.Person@6424e613)
2021-01-16 11:00:10,784 INFO c.s.a.r.PersonRepository [main] addPerson(com.safetynet.alerts.model.Person@8e99809)
2021-01-16 11:00:10,785 INFO c.s.a.r.FireStationRepository [main] addFireStation(com.safetynet.alerts.model.FireStation@24a0c58b)
2021-01-16 11:00:10,786 INFO c.s.a.r.FireStationRepository [main] addFireStation(com.safetynet.alerts.model.FireStation@604d28c6)
2021-01-16 11:00:10,786 INFO c.s.a.r.FireStationRepository [main] addFireStation(com.safetynet.alerts.model.FireStation@7f3c0399)
2021-01-16 11:00:10,787 INFO c.s.a.r.FireStationRepository [main] addFireStation(com.safetynet.alerts.model.FireStation@183fc2fa)
2021-01-16 11:00:10,787 INFO c.s.a.r.FireStationRepository [main] addFireStation(com.safetynet.alerts.model.FireStation@3a11c0eb)
2021-01-16 11:00:10,787 INFO c.s.a.r.FireStationRepository [main] addFireStation(com.safetynet.alerts.model.FireStation@3313d477)
2021-01-16 11:00:10,788 INFO c.s.a.r.FireStationRepository [main] addFireStation(com.safetynet.alerts.model.FireStation@2c2c3947)
2021-01-16 11:00:10,788 INFO c.s.a.r.FireStationRepository [main] addFireStation(com.safetynet.alerts.model.FireStation@4a62062a)
2021-01-16 11:00:10,788 INFO c.s.a.r.FireStationRepository [main] addFireStation(com.safetynet.alerts.model.FireStation@7ec08115)
2021-01-16 11:00:10,788 INFO c.s.a.r.FireStationRepository [main] addFireStation(com.safetynet.alerts.model.FireStation@53dd42d6)
2021-01-16 11:00:10,789 INFO c.s.a.r.FireStationRepository [main] addFireStation(com.safetynet.alerts.model.FireStation@1e76afeb)
2021-01-16 11:00:10,789 INFO c.s.a.r.FireStationRepository [main] addFireStation(com.safetynet.alerts.model.FireStation@447fa959)
2021-01-16 11:00:10,789 INFO c.s.a.r.FireStationRepository [main] addFireStation(com.safetynet.alerts.model.FireStation@3e4d40ea)
2021-01-16 11:00:10,800 INFO c.s.a.s.JsonFileReader [main] extractMedications({"allergies":["nillacilan"],"firstName":"John","lastName":"Boyd","birthdate":"03/06/1984","medications":["aznol:350mg", "hydrapermazol:100mg"]})
2021-01-16 11:00:10,801 INFO c.s.a.s.JsonFileReader [main] extractAllergies({"allergies":["nillacilan"],"firstName":"John","lastName":"Boyd","birthdate":"03/06/1984","medications":["aznol:350mg", "hydrapermazol:100mg"]})
2021-01-16 11:00:10,802 INFO c.s.a.r.MedicalRecordRepository [main] addMedicalRecord(com.safetynet.alerts.model.MedicalRecord@6ddd1c51)
2021-01-16 11:00:10,802 INFO c.s.a.s.JsonFileReader [main] extractMedications({"allergies":[],"firstName":"Jacob","lastName":"Boyd","birthdate":"03/06/1989","medications":["pharmacol:5000mg", "terazine:10mg", "noznazol:250mg"]})
2021-01-16 11:00:10,802 INFO c.s.a.s.JsonFileReader [main] extractAllergies({"allergies":[],"firstName":"Jacob","lastName":"Boyd","birthdate":"03/06/1989","medications":["pharmacol:5000mg", "terazine:10mg", "noznazol:250mg"]})
2021-01-16 11:00:10,802 INFO c.s.a.r.MedicalRecordRepository [main] addMedicalRecord(com.safetynet.alerts.model.MedicalRecord@752b69e3)
2021-01-16 11:00:10,803 INFO c.s.a.s.JsonFileReader [main] extractMedications({"allergies":["peanut"],"firstName":"Tenley","lastName":"Boyd","birthdate":"02/18/2012","medications":[]})
2021-01-16 11:00:10,803 INFO c.s.a.s.JsonFileReader [main] extractAllergies({"allergies":["peanut"],"firstName":"Tenley","lastName":"Boyd","birthdate":"02/18/2012","medications":[]})
2021-01-16 11:00:10,803 INFO c.s.a.r.MedicalRecordRepository [main] addMedicalRecord(com.safetynet.alerts.model.MedicalRecord@15605d83)
2021-01-16 11:00:10,803 INFO c.s.a.s.JsonFileReader [main] extractMedications({"allergies":[],"firstName":"Roger","lastName":"Boyd","birthdate":"09/06/2017","medications":[]})
2021-01-16 11:00:10,804 INFO c.s.a.s.JsonFileReader [main] extractAllergies({"allergies":[],"firstName":"Roger","lastName":"Boyd","birthdate":"09/06/2017","medications":[]})
2021-01-16 11:00:10,804 INFO c.s.a.r.MedicalRecordRepository [main] addMedicalRecord(com.safetynet.alerts.model.MedicalRecord@1fb2eec)
2021-01-16 11:00:10,804 INFO c.s.a.s.JsonFileReader [main] extractMedications({"allergies":["xilliathal"],"firstName":"Felicia","lastName":"Boyd","birthdate":"01/08/1986","medications":["tetracyclaz:650mg"]})
2021-01-16 11:00:10,804 INFO c.s.a.s.JsonFileReader [main] extractAllergies({"allergies":["xilliathal"],"firstName":"Felicia","lastName":"Boyd","birthdate":"01/08/1986","medications":["tetracyclaz:650mg"]})
2021-01-16 11:00:10,805 INFO c.s.a.r.MedicalRecordRepository [main] addMedicalRecord(com.safetynet.alerts.model.MedicalRecord@4c18516)
2021-01-16 11:00:10,805 INFO c.s.a.s.JsonFileReader [main] extractMedications({"allergies":[],"firstName":"Jonanathan","lastName":"Marrack","birthdate":"01/03/1989","medications":[]})
2021-01-16 11:00:10,805 INFO c.s.a.s.JsonFileReader [main] extractAllergies({"allergies":[],"firstName":"Jonanathan","lastName":"Marrack","birthdate":"01/03/1989","medications":[]})
2021-01-16 11:00:10,805 INFO c.s.a.r.MedicalRecordRepository [main] addMedicalRecord(com.safetynet.alerts.model.MedicalRecord@2a0b901c)
2021-01-16 11:00:10,805 INFO c.s.a.s.JsonFileReader [main] extractMedications({"allergies":[],"firstName":"Tessa","lastName":"Carman","birthdate":"02/18/2012","medications":[]})
2021-01-16 11:00:10,806 INFO c.s.a.s.JsonFileReader [main] extractAllergies({"allergies":[],"firstName":"Tessa","lastName":"Carman","birthdate":"02/18/2012","medications":[]})
2021-01-16 11:00:10,806 INFO c.s.a.r.MedicalRecordRepository [main] addMedicalRecord(com.safetynet.alerts.model.MedicalRecord@3d104c9b)
2021-01-16 11:00:10,806 INFO c.s.a.s.JsonFileReader [main] extractMedications({"allergies":["shellfish"],"firstName":"Peter","lastName":"Duncan","birthdate":"09/06/2000","medications":[]})
2021-01-16 11:00:10,806 INFO c.s.a.s.JsonFileReader [main] extractAllergies({"allergies":["shellfish"],"firstName":"Peter","lastName":"Duncan","birthdate":"09/06/2000","medications":[]})
2021-01-16 11:00:10,807 INFO c.s.a.r.MedicalRecordRepository [main] addMedicalRecord(com.safetynet.alerts.model.MedicalRecord@6544899b)
2021-01-16 11:00:10,807 INFO c.s.a.s.JsonFileReader [main] extractMedications({"allergies":[],"firstName":"Foster","lastName":"Shepard","birthdate":"01/08/1980","medications":[]})
2021-01-16 11:00:10,807 INFO c.s.a.s.JsonFileReader [main] extractAllergies({"allergies":[],"firstName":"Foster","lastName":"Shepard","birthdate":"01/08/1980","medications":[]})
2021-01-16 11:00:10,808 INFO c.s.a.r.MedicalRecordRepository [main] addMedicalRecord(com.safetynet.alerts.model.MedicalRecord@6da54910)
2021-01-16 11:00:10,808 INFO c.s.a.s.JsonFileReader [main] extractMedications({"allergies":["shellfish"],"firstName":"Tony","lastName":"Cooper","birthdate":"03/06/1994","medications":["hydrapermazol:300mg", "dodoxadin:30mg"]})
2021-01-16 11:00:10,808 INFO c.s.a.s.JsonFileReader [main] extractAllergies({"allergies":["shellfish"],"firstName":"Tony","lastName":"Cooper","birthdate":"03/06/1994","medications":["hydrapermazol:300mg", "dodoxadin:30mg"]})
2021-01-16 11:00:10,808 INFO c.s.a.r.MedicalRecordRepository [main] addMedicalRecord(com.safetynet.alerts.model.MedicalRecord@1bd8afc8)
2021-01-16 11:00:10,809 INFO c.s.a.s.JsonFileReader [main] extractMedications({"allergies":[],"firstName":"Lily","lastName":"Cooper","birthdate":"03/06/1994","medications":[]})
2021-01-16 11:00:10,809 INFO c.s.a.s.JsonFileReader [main] extractAllergies({"allergies":[],"firstName":"Lily","lastName":"Cooper","birthdate":"03/06/1994","medications":[]})
2021-01-16 11:00:10,809 INFO c.s.a.r.MedicalRecordRepository [main] addMedicalRecord(com.safetynet.alerts.model.MedicalRecord@24134cbc)
2021-01-16 11:00:10,809 INFO c.s.a.s.JsonFileReader [main] extractMedications({"allergies":["peanut", "shellfish", "aznol"],"firstName":"Sophia","lastName":"Zemicks","birthdate":"03/06/1988","medications":["aznol:60mg", "hydrapermazol:900mg", "pharmacol:5000mg", "terazine:500mg"]})
2021-01-16 11:00:10,810 INFO c.s.a.s.JsonFileReader [main] extractAllergies({"allergies":["peanut", "shellfish", "aznol"],"firstName":"Sophia","lastName":"Zemicks","birthdate":"03/06/1988","medications":["aznol:60mg", "hydrapermazol:900mg", "pharmacol:5000mg", "terazine:500mg"]})
2021-01-16 11:00:10,810 INFO c.s.a.r.MedicalRecordRepository [main] addMedicalRecord(com.safetynet.alerts.model.MedicalRecord@65da01f4)
2021-01-16 11:00:10,810 INFO c.s.a.s.JsonFileReader [main] extractMedications({"allergies":[],"firstName":"Warren","lastName":"Zemicks","birthdate":"03/06/1985","medications":[]})
2021-01-16 11:00:10,810 INFO c.s.a.s.JsonFileReader [main] extractAllergies({"allergies":[],"firstName":"Warren","lastName":"Zemicks","birthdate":"03/06/1985","medications":[]})
2021-01-16 11:00:10,810 INFO c.s.a.r.MedicalRecordRepository [main] addMedicalRecord(com.safetynet.alerts.model.MedicalRecord@22f02996)
2021-01-16 11:00:10,811 INFO c.s.a.s.JsonFileReader [main] extractMedications({"allergies":[],"firstName":"Zach","lastName":"Zemicks","birthdate":"03/06/2017","medications":[]})
2021-01-16 11:00:10,811 INFO c.s.a.s.JsonFileReader [main] extractAllergies({"allergies":[],"firstName":"Zach","lastName":"Zemicks","birthdate":"03/06/2017","medications":[]})
2021-01-16 11:00:10,811 INFO c.s.a.r.MedicalRecordRepository [main] addMedicalRecord(com.safetynet.alerts.model.MedicalRecord@7c8874ef)
2021-01-16 11:00:10,812 INFO c.s.a.s.JsonFileReader [main] extractMedications({"allergies":["illisoxian"],"firstName":"Reginold","lastName":"Walker","birthdate":"08/30/1979","medications":["thradox:700mg"]})
2021-01-16 11:00:10,812 INFO c.s.a.s.JsonFileReader [main] extractAllergies({"allergies":["illisoxian"],"firstName":"Reginold","lastName":"Walker","birthdate":"08/30/1979","medications":["thradox:700mg"]})
2021-01-16 11:00:10,813 INFO c.s.a.r.MedicalRecordRepository [main] addMedicalRecord(com.safetynet.alerts.model.MedicalRecord@42c0a16e)
2021-01-16 11:00:10,813 INFO c.s.a.s.JsonFileReader [main] extractMedications({"allergies":[],"firstName":"Jamie","lastName":"Peters","birthdate":"03/06/1982","medications":[]})
2021-01-16 11:00:10,813 INFO c.s.a.s.JsonFileReader [main] extractAllergies({"allergies":[],"firstName":"Jamie","lastName":"Peters","birthdate":"03/06/1982","medications":[]})
2021-01-16 11:00:10,814 INFO c.s.a.r.MedicalRecordRepository [main] addMedicalRecord(com.safetynet.alerts.model.MedicalRecord@77a0dd63)
2021-01-16 11:00:10,814 INFO c.s.a.s.JsonFileReader [main] extractMedications({"allergies":[],"firstName":"Ron","lastName":"Peters","birthdate":"04/06/1965","medications":[]})
2021-01-16 11:00:10,814 INFO c.s.a.s.JsonFileReader [main] extractAllergies({"allergies":[],"firstName":"Ron","lastName":"Peters","birthdate":"04/06/1965","medications":[]})
2021-01-16 11:00:10,814 INFO c.s.a.r.MedicalRecordRepository [main] addMedicalRecord(com.safetynet.alerts.model.MedicalRecord@543fe698)
2021-01-16 11:00:10,814 INFO c.s.a.s.JsonFileReader [main] extractMedications({"allergies":["nillacilan"],"firstName":"Allison","lastName":"Boyd","birthdate":"03/15/1965","medications":["aznol:200mg"]})
2021-01-16 11:00:10,815 INFO c.s.a.s.JsonFileReader [main] extractAllergies({"allergies":["nillacilan"],"firstName":"Allison","lastName":"Boyd","birthdate":"03/15/1965","medications":["aznol:200mg"]})
2021-01-16 11:00:10,815 INFO c.s.a.r.MedicalRecordRepository [main] addMedicalRecord(com.safetynet.alerts.model.MedicalRecord@6b2fdffc)
2021-01-16 11:00:10,815 INFO c.s.a.s.JsonFileReader [main] extractMedications({"allergies":["nillacilan"],"firstName":"Brian","lastName":"Stelzer","birthdate":"12/06/1975","medications":["ibupurin:200mg", "hydrapermazol:400mg"]})
2021-01-16 11:00:10,815 INFO c.s.a.s.JsonFileReader [main] extractAllergies({"allergies":["nillacilan"],"firstName":"Brian","lastName":"Stelzer","birthdate":"12/06/1975","medications":["ibupurin:200mg", "hydrapermazol:400mg"]})
2021-01-16 11:00:10,815 INFO c.s.a.r.MedicalRecordRepository [main] addMedicalRecord(com.safetynet.alerts.model.MedicalRecord@2ca3d826)
2021-01-16 11:00:10,815 INFO c.s.a.s.JsonFileReader [main] extractMedications({"allergies":[],"firstName":"Shawna","lastName":"Stelzer","birthdate":"07/08/1980","medications":[]})
2021-01-16 11:00:10,815 INFO c.s.a.s.JsonFileReader [main] extractAllergies({"allergies":[],"firstName":"Shawna","lastName":"Stelzer","birthdate":"07/08/1980","medications":[]})
2021-01-16 11:00:10,816 INFO c.s.a.r.MedicalRecordRepository [main] addMedicalRecord(com.safetynet.alerts.model.MedicalRecord@5d194314)
2021-01-16 11:00:10,816 INFO c.s.a.s.JsonFileReader [main] extractMedications({"allergies":[],"firstName":"Kendrik","lastName":"Stelzer","birthdate":"03/06/2014","medications":["noxidian:100mg", "pharmacol:2500mg"]})
2021-01-16 11:00:10,816 INFO c.s.a.s.JsonFileReader [main] extractAllergies({"allergies":[],"firstName":"Kendrik","lastName":"Stelzer","birthdate":"03/06/2014","medications":["noxidian:100mg", "pharmacol:2500mg"]})
2021-01-16 11:00:10,816 INFO c.s.a.r.MedicalRecordRepository [main] addMedicalRecord(com.safetynet.alerts.model.MedicalRecord@76396509)
2021-01-16 11:00:10,816 INFO c.s.a.s.JsonFileReader [main] extractMedications({"allergies":[],"firstName":"Clive","lastName":"Ferguson","birthdate":"03/06/1994","medications":[]})
2021-01-16 11:00:10,816 INFO c.s.a.s.JsonFileReader [main] extractAllergies({"allergies":[],"firstName":"Clive","lastName":"Ferguson","birthdate":"03/06/1994","medications":[]})
2021-01-16 11:00:10,816 INFO c.s.a.r.MedicalRecordRepository [main] addMedicalRecord(com.safetynet.alerts.model.MedicalRecord@637c840d)
2021-01-16 11:00:10,817 INFO c.s.a.s.JsonFileReader [main] extractMedications({"allergies":[],"firstName":"Eric","lastName":"Cadigan","birthdate":"08/06/1945","medications":["tradoxidine:400mg"]})
2021-01-16 11:00:10,817 INFO c.s.a.s.JsonFileReader [main] extractAllergies({"allergies":[],"firstName":"Eric","lastName":"Cadigan","birthdate":"08/06/1945","medications":["tradoxidine:400mg"]})
2021-01-16 11:00:10,817 INFO c.s.a.r.MedicalRecordRepository [main] addMedicalRecord(com.safetynet.alerts.model.MedicalRecord@51ac12ac)
2021-01-16 11:00:16,605 INFO o.a.j.l.DirectJDKLog [http-nio-8080-exec-1] Initializing Spring DispatcherServlet 'dispatcherServlet'
2021-01-16 11:00:16,605 INFO o.s.w.s.FrameworkServlet [http-nio-8080-exec-1] Initializing Servlet 'dispatcherServlet'
2021-01-16 11:00:16,606 INFO o.s.w.s.FrameworkServlet [http-nio-8080-exec-1] Completed initialization in 1 ms
2021-01-16 11:00:16,638 INFO c.s.a.c.PersonController [http-nio-8080-exec-1] Get /flood/[1]
2021-01-16 11:00:16,638 INFO c.s.a.s.PersonService [http-nio-8080-exec-1] getFireInfo(com.safetynet.alerts.service.MedicalRecordService@4020db74, com.safetynet.alerts.dto.FloodInfoDTO@46adc2b0)
2021-01-16 11:00:16,639 INFO c.s.a.r.FireStationRepository [http-nio-8080-exec-1] getFireStationList()
2021-01-16 11:00:16,639 INFO c.s.a.r.PersonRepository [http-nio-8080-exec-1] getPersonList()
2021-01-16 11:00:16,640 INFO c.s.a.s.MedicalRecordService [http-nio-8080-exec-1] getAge(Peter, Duncan)
2021-01-16 11:00:16,644 INFO c.s.a.r.MedicalRecordRepository [http-nio-8080-exec-1] getMedicalRecordList()
2021-01-16 11:00:16,645 INFO c.s.a.s.MedicalRecordService [http-nio-8080-exec-1] getMedicationList(Peter, Duncan)
2021-01-16 11:00:16,645 INFO c.s.a.r.MedicalRecordRepository [http-nio-8080-exec-1] getMedicalRecordList()
2021-01-16 11:00:16,645 INFO c.s.a.s.MedicalRecordService [http-nio-8080-exec-1] getAllergieList(Peter, Duncan)
2021-01-16 11:00:16,646 INFO c.s.a.r.MedicalRecordRepository [http-nio-8080-exec-1] getMedicalRecordList()
2021-01-16 11:00:16,646 INFO c.s.a.r.PersonRepository [http-nio-8080-exec-1] getPersonList()
2021-01-16 11:00:16,646 INFO c.s.a.s.MedicalRecordService [http-nio-8080-exec-1] getAge(Reginold, Walker)
2021-01-16 11:00:16,646 INFO c.s.a.r.MedicalRecordRepository [http-nio-8080-exec-1] getMedicalRecordList()
2021-01-16 11:00:16,646 INFO c.s.a.s.MedicalRecordService [http-nio-8080-exec-1] getMedicationList(Reginold, Walker)
2021-01-16 11:00:16,647 INFO c.s.a.r.MedicalRecordRepository [http-nio-8080-exec-1] getMedicalRecordList()
2021-01-16 11:00:16,647 INFO c.s.a.s.MedicalRecordService [http-nio-8080-exec-1] getAllergieList(Reginold, Walker)
2021-01-16 11:00:16,647 INFO c.s.a.r.MedicalRecordRepository [http-nio-8080-exec-1] getMedicalRecordList()
2021-01-16 11:00:16,647 INFO c.s.a.s.MedicalRecordService [http-nio-8080-exec-1] getAge(Jamie, Peters)
2021-01-16 11:00:16,647 INFO c.s.a.r.MedicalRecordRepository [http-nio-8080-exec-1] getMedicalRecordList()
2021-01-16 11:00:16,647 INFO c.s.a.s.MedicalRecordService [http-nio-8080-exec-1] getMedicationList(Jamie, Peters)
2021-01-16 11:00:16,648 INFO c.s.a.r.MedicalRecordRepository [http-nio-8080-exec-1] getMedicalRecordList()
2021-01-16 11:00:16,648 INFO c.s.a.s.MedicalRecordService [http-nio-8080-exec-1] getAllergieList(Jamie, Peters)
2021-01-16 11:00:16,648 INFO c.s.a.r.MedicalRecordRepository [http-nio-8080-exec-1] getMedicalRecordList()
2021-01-16 11:00:16,648 INFO c.s.a.r.PersonRepository [http-nio-8080-exec-1] getPersonList()
2021-01-16 11:00:16,648 INFO c.s.a.s.MedicalRecordService [http-nio-8080-exec-1] getAge(Brian, Stelzer)
2021-01-16 11:00:16,648 INFO c.s.a.r.MedicalRecordRepository [http-nio-8080-exec-1] getMedicalRecordList()
2021-01-16 11:00:16,649 INFO c.s.a.s.MedicalRecordService [http-nio-8080-exec-1] getMedicationList(Brian, Stelzer)
2021-01-16 11:00:16,649 INFO c.s.a.r.MedicalRecordRepository [http-nio-8080-exec-1] getMedicalRecordList()
2021-01-16 11:00:16,649 INFO c.s.a.s.MedicalRecordService [http-nio-8080-exec-1] getAllergieList(Brian, Stelzer)
2021-01-16 11:00:16,649 INFO c.s.a.r.MedicalRecordRepository [http-nio-8080-exec-1] getMedicalRecordList()
2021-01-16 11:00:16,649 INFO c.s.a.s.MedicalRecordService [http-nio-8080-exec-1] getAge(Shawna, Stelzer)
2021-01-16 11:00:16,649 INFO c.s.a.r.MedicalRecordRepository [http-nio-8080-exec-1] getMedicalRecordList()
2021-01-16 11:00:16,649 INFO c.s.a.s.MedicalRecordService [http-nio-8080-exec-1] getMedicationList(Shawna, Stelzer)
2021-01-16 11:00:16,650 INFO c.s.a.r.MedicalRecordRepository [http-nio-8080-exec-1] getMedicalRecordList()
2021-01-16 11:00:16,650 INFO c.s.a.s.MedicalRecordService [http-nio-8080-exec-1] getAllergieList(Shawna, Stelzer)
2021-01-16 11:00:16,650 INFO c.s.a.r.MedicalRecordRepository [http-nio-8080-exec-1] getMedicalRecordList()
2021-01-16 11:00:16,650 INFO c.s.a.s.MedicalRecordService [http-nio-8080-exec-1] getAge(Kendrik, Stelzer)
2021-01-16 11:00:16,650 INFO c.s.a.r.MedicalRecordRepository [http-nio-8080-exec-1] getMedicalRecordList()
2021-01-16 11:00:16,651 INFO c.s.a.s.MedicalRecordService [http-nio-8080-exec-1] getMedicationList(Kendrik, Stelzer)
2021-01-16 11:00:16,651 INFO c.s.a.r.MedicalRecordRepository [http-nio-8080-exec-1] getMedicalRecordList()
2021-01-16 11:00:16,651 INFO c.s.a.s.MedicalRecordService [http-nio-8080-exec-1] getAllergieList(Kendrik, Stelzer)
2021-01-16 11:00:16,651 INFO c.s.a.r.MedicalRecordRepository [http-nio-8080-exec-1] getMedicalRecordList()
2021-01-16 11:00:23,985 INFO c.s.a.c.PersonController [http-nio-8080-exec-2] Get /flood/[12]
2021-01-16 11:00:23,985 INFO c.s.a.s.PersonService [http-nio-8080-exec-2] getFireInfo(com.safetynet.alerts.service.MedicalRecordService@4020db74, com.safetynet.alerts.dto.FloodInfoDTO@b3cca9d)
2021-01-16 11:00:23,986 INFO c.s.a.r.FireStationRepository [http-nio-8080-exec-2] getFireStationList()
2021-01-16 11:00:27,798 INFO c.s.a.c.PersonController [http-nio-8080-exec-3] Get /flood/[1, 2]
2021-01-16 11:00:27,798 INFO c.s.a.s.PersonService [http-nio-8080-exec-3] getFireInfo(com.safetynet.alerts.service.MedicalRecordService@4020db74, com.safetynet.alerts.dto.FloodInfoDTO@6a9a894f)
2021-01-16 11:00:27,798 INFO c.s.a.r.FireStationRepository [http-nio-8080-exec-3] getFireStationList()
2021-01-16 11:00:27,798 INFO c.s.a.r.PersonRepository [http-nio-8080-exec-3] getPersonList()
2021-01-16 11:00:27,798 INFO c.s.a.s.MedicalRecordService [http-nio-8080-exec-3] getAge(Jonanathan, Marrack)
2021-01-16 11:00:27,798 INFO c.s.a.r.MedicalRecordRepository [http-nio-8080-exec-3] getMedicalRecordList()
2021-01-16 11:00:27,799 INFO c.s.a.s.MedicalRecordService [http-nio-8080-exec-3] getMedicationList(Jonanathan, Marrack)
2021-01-16 11:00:27,799 INFO c.s.a.r.MedicalRecordRepository [http-nio-8080-exec-3] getMedicalRecordList()
2021-01-16 11:00:27,799 INFO c.s.a.s.MedicalRecordService [http-nio-8080-exec-3] getAllergieList(Jonanathan, Marrack)
2021-01-16 11:00:27,799 INFO c.s.a.r.MedicalRecordRepository [http-nio-8080-exec-3] getMedicalRecordList()
2021-01-16 11:00:27,799 INFO c.s.a.r.PersonRepository [http-nio-8080-exec-3] getPersonList()
2021-01-16 11:00:27,800 INFO c.s.a.s.MedicalRecordService [http-nio-8080-exec-3] getAge(Peter, Duncan)
2021-01-16 11:00:27,800 INFO c.s.a.r.MedicalRecordRepository [http-nio-8080-exec-3] getMedicalRecordList()
2021-01-16 11:00:27,800 INFO c.s.a.s.MedicalRecordService [http-nio-8080-exec-3] getMedicationList(Peter, Duncan)
2021-01-16 11:00:27,800 INFO c.s.a.r.MedicalRecordRepository [http-nio-8080-exec-3] getMedicalRecordList()
2021-01-16 11:00:27,800 INFO c.s.a.s.MedicalRecordService [http-nio-8080-exec-3] getAllergieList(Peter, Duncan)
2021-01-16 11:00:27,800 INFO c.s.a.r.MedicalRecordRepository [http-nio-8080-exec-3] getMedicalRecordList()
2021-01-16 11:00:27,800 INFO c.s.a.r.PersonRepository [http-nio-8080-exec-3] getPersonList()
2021-01-16 11:00:27,801 INFO c.s.a.s.MedicalRecordService [http-nio-8080-exec-3] getAge(Sophia, Zemicks)
2021-01-16 11:00:27,801 INFO c.s.a.r.MedicalRecordRepository [http-nio-8080-exec-3] getMedicalRecordList()
2021-01-16 11:00:27,801 INFO c.s.a.s.MedicalRecordService [http-nio-8080-exec-3] getMedicationList(Sophia, Zemicks)
2021-01-16 11:00:27,801 INFO c.s.a.r.MedicalRecordRepository [http-nio-8080-exec-3] getMedicalRecordList()
2021-01-16 11:00:27,801 INFO c.s.a.s.MedicalRecordService [http-nio-8080-exec-3] getAllergieList(Sophia, Zemicks)
2021-01-16 11:00:27,801 INFO c.s.a.r.MedicalRecordRepository [http-nio-8080-exec-3] getMedicalRecordList()
2021-01-16 11:00:27,802 INFO c.s.a.s.MedicalRecordService [http-nio-8080-exec-3] getAge(Warren, Zemicks)
2021-01-16 11:00:27,802 INFO c.s.a.r.MedicalRecordRepository [http-nio-8080-exec-3] getMedicalRecordList()
2021-01-16 11:00:27,802 INFO c.s.a.s.MedicalRecordService [http-nio-8080-exec-3] getMedicationList(Warren, Zemicks)
2021-01-16 11:00:27,802 INFO c.s.a.r.MedicalRecordRepository [http-nio-8080-exec-3] getMedicalRecordList()
2021-01-16 11:00:27,802 INFO c.s.a.s.MedicalRecordService [http-nio-8080-exec-3] getAllergieList(Warren, Zemicks)
2021-01-16 11:00:27,802 INFO c.s.a.r.MedicalRecordRepository [http-nio-8080-exec-3] getMedicalRecordList()
2021-01-16 11:00:27,803 INFO c.s.a.s.MedicalRecordService [http-nio-8080-exec-3] getAge(Zach, Zemicks)
2021-01-16 11:00:27,803 INFO c.s.a.r.MedicalRecordRepository [http-nio-8080-exec-3] getMedicalRecordList()
2021-01-16 11:00:27,803 INFO c.s.a.s.MedicalRecordService [http-nio-8080-exec-3] getMedicationList(Zach, Zemicks)
2021-01-16 11:00:27,803 INFO c.s.a.r.MedicalRecordRepository [http-nio-8080-exec-3] getMedicalRecordList()
2021-01-16 11:00:27,803 INFO c.s.a.s.MedicalRecordService [http-nio-8080-exec-3] getAllergieList(Zach, Zemicks)
2021-01-16 11:00:27,803 INFO c.s.a.r.MedicalRecordRepository [http-nio-8080-exec-3] getMedicalRecordList()
2021-01-16 11:00:27,803 INFO c.s.a.r.PersonRepository [http-nio-8080-exec-3] getPersonList()
2021-01-16 11:00:27,804 INFO c.s.a.s.MedicalRecordService [http-nio-8080-exec-3] getAge(Reginold, Walker)
2021-01-16 11:00:27,804 INFO c.s.a.r.MedicalRecordRepository [http-nio-8080-exec-3] getMedicalRecordList()
2021-01-16 11:00:27,804 INFO c.s.a.s.MedicalRecordService [http-nio-8080-exec-3] getMedicationList(Reginold, Walker)
2021-01-16 11:00:27,804 INFO c.s.a.r.MedicalRecordRepository [http-nio-8080-exec-3] getMedicalRecordList()
2021-01-16 11:00:27,804 INFO c.s.a.s.MedicalRecordService [http-nio-8080-exec-3] getAllergieList(Reginold, Walker)
2021-01-16 11:00:27,804 INFO c.s.a.r.MedicalRecordRepository [http-nio-8080-exec-3] getMedicalRecordList()
2021-01-16 11:00:27,804 INFO c.s.a.s.MedicalRecordService [http-nio-8080-exec-3] getAge(Jamie, Peters)
2021-01-16 11:00:27,805 INFO c.s.a.r.MedicalRecordRepository [http-nio-8080-exec-3] getMedicalRecordList()
2021-01-16 11:00:27,805 INFO c.s.a.s.MedicalRecordService [http-nio-8080-exec-3] getMedicationList(Jamie, Peters)
2021-01-16 11:00:27,805 INFO c.s.a.r.MedicalRecordRepository [http-nio-8080-exec-3] getMedicalRecordList()
2021-01-16 11:00:27,805 INFO c.s.a.s.MedicalRecordService [http-nio-8080-exec-3] getAllergieList(Jamie, Peters)
2021-01-16 11:00:27,805 INFO c.s.a.r.MedicalRecordRepository [http-nio-8080-exec-3] getMedicalRecordList()
2021-01-16 11:00:27,805 INFO c.s.a.r.PersonRepository [http-nio-8080-exec-3] getPersonList()
2021-01-16 11:00:27,805 INFO c.s.a.s.MedicalRecordService [http-nio-8080-exec-3] getAge(Brian, Stelzer)
2021-01-16 11:00:27,806 INFO c.s.a.r.MedicalRecordRepository [http-nio-8080-exec-3] getMedicalRecordList()
2021-01-16 11:00:27,806 INFO c.s.a.s.MedicalRecordService [http-nio-8080-exec-3] getMedicationList(Brian, Stelzer)
2021-01-16 11:00:27,806 INFO c.s.a.r.MedicalRecordRepository [http-nio-8080-exec-3] getMedicalRecordList()
2021-01-16 11:00:27,806 INFO c.s.a.s.MedicalRecordService [http-nio-8080-exec-3] getAllergieList(Brian, Stelzer)
2021-01-16 11:00:27,806 INFO c.s.a.r.MedicalRecordRepository [http-nio-8080-exec-3] getMedicalRecordList()
2021-01-16 11:00:27,806 INFO c.s.a.s.MedicalRecordService [http-nio-8080-exec-3] getAge(Shawna, Stelzer)
2021-01-16 11:00:27,807 INFO c.s.a.r.MedicalRecordRepository [http-nio-8080-exec-3] getMedicalRecordList()
2021-01-16 11:00:27,807 INFO c.s.a.s.MedicalRecordService [http-nio-8080-exec-3] getMedicationList(Shawna, Stelzer)
2021-01-16 11:00:27,807 INFO c.s.a.r.MedicalRecordRepository [http-nio-8080-exec-3] getMedicalRecordList()
2021-01-16 11:00:27,807 INFO c.s.a.s.MedicalRecordService [http-nio-8080-exec-3] getAllergieList(Shawna, Stelzer)
2021-01-16 11:00:27,807 INFO c.s.a.r.MedicalRecordRepository [http-nio-8080-exec-3] getMedicalRecordList()
2021-01-16 11:00:27,807 INFO c.s.a.s.MedicalRecordService [http-nio-8080-exec-3] getAge(Kendrik, Stelzer)
2021-01-16 11:00:27,808 INFO c.s.a.r.MedicalRecordRepository [http-nio-8080-exec-3] getMedicalRecordList()
2021-01-16 11:00:27,808 INFO c.s.a.s.MedicalRecordService [http-nio-8080-exec-3] getMedicationList(Kendrik, Stelzer)
2021-01-16 11:00:27,808 INFO c.s.a.r.MedicalRecordRepository [http-nio-8080-exec-3] getMedicalRecordList()
2021-01-16 11:00:27,808 INFO c.s.a.s.MedicalRecordService [http-nio-8080-exec-3] getAllergieList(Kendrik, Stelzer)
2021-01-16 11:00:27,808 INFO c.s.a.r.MedicalRecordRepository [http-nio-8080-exec-3] getMedicalRecordList()
2021-01-16 11:00:27,808 INFO c.s.a.r.PersonRepository [http-nio-8080-exec-3] getPersonList()
2021-01-16 11:00:27,808 INFO c.s.a.s.MedicalRecordService [http-nio-8080-exec-3] getAge(Eric, Cadigan)
2021-01-16 11:00:27,809 INFO c.s.a.r.MedicalRecordRepository [http-nio-8080-exec-3] getMedicalRecordList()
2021-01-16 11:00:27,809 INFO c.s.a.s.MedicalRecordService [http-nio-8080-exec-3] getMedicationList(Eric, Cadigan)
2021-01-16 11:00:27,809 INFO c.s.a.r.MedicalRecordRepository [http-nio-8080-exec-3] getMedicalRecordList()
2021-01-16 11:00:27,809 INFO c.s.a.s.MedicalRecordService [http-nio-8080-exec-3] getAllergieList(Eric, Cadigan)
2021-01-16 11:00:27,809 INFO c.s.a.r.MedicalRecordRepository [http-nio-8080-exec-3] getMedicalRecordList()
